|SourceProjectName:Driver.hpr
|DestinationProjectName:Driver.htm
whhost.js
whmsg.js
whmozemu.js
whproxy.js
whstub.js
whutils.js
whver.js
whform.js
whphost.js
whstart.js
whtopic.js
whframes.js
whlang.js
whskin_info.htm
whskin_blank.htm
whskin_pickup.htm
whskin_homepage.htm
whskin_tw.htm
whnjs.htm
whthost.js
whtdhtml.htm
whihost.js
whibody.htm
whiform.htm
whfhost.js
whfbody.htm
whfform.htm
whghost.js
whgbody.htm
whgdhtml.htm
whgdef.htm
whproj.js
whproj.xml
whproj.htm
whxdata\whtoc.xml
whxdata\whidx.xml
whxdata\whfts.xml
whxdata\whglo.xml
whdata\whtoc.js
whdata\whtoc.htm
whdata\whtdata.js
whdata\whidx.js
whdata\whidx.htm
whdata\whidata.js
whdata\whfts.js
whdata\whfts.htm
whdata\whglo.js
whdata\whglo.htm
whdata\whgdata.js
whdata\whftdata.js
whdata\whfwdata.js
whres.xml
WebHelp.jar
WebHelp.cab
whgdata\whnvp30.htm
whgdata\whnvp31.htm
whgdata\whnvp32.htm
whgdata\whnvp33.htm
whgdata\whnvt30.htm
whgdata\whnvt31.htm
whgdata\whnvt32.htm
whgdata\whnvt33.htm
whgdata\whnvf30.htm
whgdata\whnvf31.htm
whgdata\whnvf32.htm
whgdata\whnvf33.htm
whgdata\whnvl31.htm
whgdata\whnvl32.htm
whgdata\whnvl33.htm
whgdata\whexpbar.gif
cshdat_webhelp.htm
whcsh_home.htm
whcshdata.htm
cshdat_robohelp.htm
wht_tab0.gif
wht_tab1.gif
wht_tab2.gif
wht_tab3.gif
wht_tab4.gif
wht_tab5.gif
wht_tab6.gif
wht_tab7.gif
wht_tab8.gif
wht_glo_h.gif
wht_glo_n.gif
wht_fts_h.gif
wht_fts_n.gif
wht_idx_h.gif
wht_idx_n.gif
wht_toc_h.gif
wht_toc_n.gif
wht_ws.gif
wht_ws_g.gif
wht_logo1.gif
wht_logo2.gif
wht_abgw.jpg
wht_abgi.jpg
wht_abge.jpg
wht_abtw.jpg
wht_abte.jpg
wht_abti.jpg
wht_spac.gif
wht_next.gif
wht_next_g.gif
wht_prev.gif
wht_prev_g.gif
wht_sync.gif
wht_hide.gif
wht_go.gif
whstart.ico
whestart.ico
whrstart.ico
whidhtml.htm
whfdhtml.htm
whskin_banner.htm
whtbar.js
whskin_pdhtml.htm
whskin_papplet.htm
whskin_plist.htm
whskin_tbars.htm
whskin_mbars.htm
wht_toc4.gif
wht_toc1.gif
wht_toc2.gif
wht_toc3.gif
whskin_frmset010.htm
whst_topics.xml
whskin_frmset01.htm
Driver_hha.hhk
Driver.hhc
Driver.hhk
appendix\gaincodes.htm
before\aboutmanual.htm
before\organization.htm
before\Welcome.htm
errorcodes\errorcodes.htm
errorcodes\ERRORLIST.htm
examples\index.htm
examples\MIC3751.htm
examples\PCI1710.htm
examples\PCI1711.htm
examples\PCI1712.htm
examples\PCI1713.htm
examples\PCI1714.htm
examples\PCI1715.htm
examples\PCI1716.htm
examples\PCI1718.htm
examples\PCI1720.htm
examples\PCI1721.htm
examples\PCI1723.htm
examples\PCI1724.htm
examples\PCI1727U.htm
examples\PCI1730.htm
examples\PCI1733.htm
examples\PCI1734.htm
examples\PCI1735U.htm
examples\PCI1736.htm
examples\PCI1737U.htm
examples\PCI1739U.htm
examples\PCI1741U.htm
examples\PCI1742U.htm
examples\PCI1747.htm
examples\PCI1750.htm
examples\PCI1751.htm
examples\PCI1752.htm
examples\PCI1753.htm
examples\PCI1754.htm
examples\PCI1756.htm
examples\PCI1757UP.htm
examples\PCI1758U.htm
examples\PCI1760.htm
examples\PCI1761.htm
examples\PCI1762.htm
examples\PCI1763.HTM
examples\PCI1780.htm
examples\PCI1784.htm
examples\PCM3718.htm
examples\PCM3724.htm
examples\PCM3725.htm
examples\PCM3730.htm
examples\PCM3730I.htm
examples\PCM3753I.htm
examples\PCM3761I.htm
examples\programmingexamples.htm
examples\USB4702.htm
examples\USB4704.htm
examples\USB4711.htm
examples\USB4716.htm
examples\USB4718.htm
examples\USB4750.htm
examples\USB4751.htm
examples\USB4761.htm
flow\ai\aigroup.htm
flow\ai\dmatrig.htm
flow\ai\Interrupttrig.htm
flow\ai\softwaretrig.htm
flow\ao\aogroup.htm
flow\ao\softwaretrig.htm
flow\ao\waveao.htm
flow\commonhighspeed.htm
flow\counter\counter.htm
flow\counter\eventcounting.htm
flow\counter\frequency.htm
flow\counter\interrupttrigger.htm
flow\counter\pulse.htm
flow\counter\qcounter.htm
flow\devicefunctions\devicefuntions.htm
flow\dio\di.htm
flow\dio\diogroup.htm
flow\dio\dma.htm
flow\dio\DO.htm
flow\dio\DOdma.htm
flow\dio\dosoftwaretrig.htm
flow\dio\interrupt.htm
flow\dio\softwaretrig.htm
flow\event\eventfunction.htm
flow\port\portfunction.htm
flow\temperature\expensionboards.htm
flow\temperature\temperature.htm
function\Ai\drv_aibinaryin.htm
function\Ai\drv_aiconfig.htm
function\Ai\drv_aigetconfig.htm
function\Ai\drv_aiscale.htm
function\Ai\drv_aivoltagein.htm
function\Ai\drv_maibinaryin.htm
function\Ai\drv_maiconfig.htm
function\Ai\drv_maivoltagein.htm
function\AO\drv_aobinaryout.htm
function\AO\drv_aoconfig.htm
function\AO\drv_aocurrentout.htm
function\AO\drv_aoscale.htm
function\AO\drv_aovoltageout.htm
function\AO\drv_enablesyncao.htm
function\AO\drv_writesyncao.htm
function\Buffer\aboutbuffer.htm
function\commonhighspeed\DRV_CheckEvent.htm
function\commonhighspeed\DRV_EnableEvent.htm
function\commonhighspeed\DRV_GetFIFOSize.htm
function\counter\DRV_CntrDisableEvent.htm
function\counter\DRV_CntrEnableEventAndSpecifyCounter.htm
function\counter\DRV_CntrGetLastEventCounterValue.htm
function\counter\DRV_CounterConfig.htm
function\counter\DRV_CounterEventRead.htm
function\counter\DRV_CounterEventStart.htm
function\counter\DRV_CounterFreqRead.htm
function\counter\DRV_CounterFreqStart.htm
function\counter\DRV_CounterPulseStart.htm
function\counter\DRV_CounterPWMEnable.htm
function\counter\DRV_CounterPWMSetting.htm
function\counter\DRV_CounterReset.htm
function\counter\DRV_DICounterReset.htm
function\counter\DRV_FreqOutReset.htm
function\counter\DRV_FreqOutStart.htm
function\counter\DRV_PWMStartRead.htm
function\counter\DRV_QCounterConfig.htm
function\counter\DRV_QCounterConfigSys.htm
function\counter\DRV_QCounterRead.htm
function\counter\DRV_QCounterStart.htm
function\counter\DRV_TimerCountSetting.htm
function\Device\DRV_DEVICECLOSE.htm
function\Device\drv_devicegetproperty.htm
function\Device\DRV_DEVICEOPEN.htm
function\Device\drv_devicesetproperty.htm
function\DIO\DRV_DioDisableEvent.htm
function\DIO\DRV_DioEnableEventAndSpecifyDiPorts.htm
function\DIO\DRV_DioGetLatestEventDiPortsState.htm
function\DIO\DRV_DioReadDiPorts.htm
function\DIO\DRV_DioReadDOPorts.htm
function\DIO\DRV_DioWriteDoPorts.htm
function\FAI\DRV_ClearFlag.htm
function\FAI\DRV_FAICheck.htm
function\FAI\DRV_FAIDmaExStart.htm
function\FAI\DRV_FAIDmaScanStart.htm
function\FAI\DRV_FAIDmaStart.htm
function\FAI\DRV_FAIIntScanStart.htm
function\FAI\DRV_FAIIntStart.htm
function\FAI\DRV_FAITerminate.htm
function\FAI\DRV_FAITransfer.htm
function\FAI\FastAnalogInput.htm
function\FAO\DRV_FAOCheck.htm
function\FAO\DRV_FAODmaExStart.htm
function\FAO\DRV_FAOLoad.htm
function\FAO\DRV_FAOScale.htm
function\FAO\DRV_FAOTerminate.htm
function\FAO\FastAnalogOutput.htm
function\fdio\DRV_ClearFlag.htm
function\fdio\DRV_FDICheck.htm
function\fdio\DRV_FDIStart.htm
function\fdio\DRV_FDIStop.htm
function\fdio\DRV_FDITransfer.htm
function\fdio\DRV_FDOCheck.htm
function\fdio\DRV_FDOStart.htm
function\fdio\DRV_FDOStop.htm
function\funcdescription.htm
function\funcoverview.htm
function\functiondisc.htm
function\others\DRV_GetErrorMessage.htm
function\PORTIO\DRV_ReadPortByte.htm
function\PORTIO\DRV_ReadPortDword.htm
function\PORTIO\DRV_ReadPortWord.htm
function\PORTIO\DRV_WritePortByte.htm
function\PORTIO\DRV_WritePortDword.htm
function\PORTIO\DRV_WritePortWord.htm
function\supportingtables\forMIC.htm
function\supportingtables\forPCI-171x.htm
function\supportingtables\forPCI-172x.htm
function\supportingtables\forPCI-173x.htm
function\supportingtables\forPCI-174x.htm
function\supportingtables\forPCI-175x.htm
function\supportingtables\forPCI-176x.htm
function\supportingtables\forPCI-178x.htm
function\supportingtables\forPCM.htm
function\supportingtables\forUSB.htm
function\supportingtables\functableoverview.htm
function\temperature\DRV_TCMuxRead.htm
function\watchdog\DRV_Watchdogfeed.htm
function\watchdog\DRV_WatchdogStart.htm
function\watchdog\DRV_WatchdogStop.htm
Introduction\aboutdriver.htm
Introduction\devmgr.htm
Introduction\guide.htm
Introduction\install.htm
MIC\MIC-3751\cover.htm
MIC\MIC-3751\Eventtype\Eventtype.htm
MIC\MIC-3751\features\keyfeature.htm
MIC\MIC-3751\Function\funcdesc.htm
MIC\MIC-3751\property\CFG_BaseAddress.htm
MIC\MIC-3751\property\CFG_BoardID.htm
MIC\MIC-3751\property\CFG_BusNumber.htm
MIC\MIC-3751\property\CFG_CascadeMode.htm
MIC\MIC-3751\property\CFG_DiChannelCount.htm
MIC\MIC-3751\property\CFG_DiInterruptTriggerOnFallingEdge.htm
MIC\MIC-3751\property\CFG_DiInterruptTriggerOnRisingEdge.htm
MIC\MIC-3751\property\CFG_DioChannelDirection.htm
MIC\MIC-3751\property\CFG_DiPortCount.htm
MIC\MIC-3751\property\CFG_DoChannelCount.htm
MIC\MIC-3751\property\CFG_DoPortCount.htm
MIC\MIC-3751\property\CFG_Interrupt.htm
MIC\MIC-3751\property\CFG_InterruptTriggerSource.htm
MIC\MIC-3751\property\CFG_SlotNumber.htm
MIC\MIC-3751\property\Deviceproperty.htm
MIC\MIC-3751\structure\datastructure.htm
PCI\PCI-1710\cover.htm
PCI\PCI-1710\Eventtype\Eventtype.htm
PCI\PCI-1710\features\keyfeature.htm
PCI\PCI-1710\Function\funcdesc.htm
PCI\PCI-1710\property\CFG_AiChanConfig.htm
PCI\PCI-1710\property\CFG_AiFifoSize.htm
PCI\PCI-1710\property\CFG_AiPacerRate.htm
PCI\PCI-1710\property\CFG_AoChanRange.htm
PCI\PCI-1710\property\CFG_AoRangeList.htm
PCI\PCI-1710\property\CFG_BaseAddress.htm
PCI\PCI-1710\property\CFG_BoardID.htm
PCI\PCI-1710\property\CFG_BusNumber.htm
PCI\PCI-1710\property\CFG_CntrChannelCapability.htm
PCI\PCI-1710\property\CFG_CntrInternalClockFreq.htm
PCI\PCI-1710\property\CFG_DiChannelCount.htm
PCI\PCI-1710\property\CFG_DiPortCount.htm
PCI\PCI-1710\property\CFG_DoChannelCount.htm
PCI\PCI-1710\property\CFG_DoPortCount.htm
PCI\PCI-1710\property\CFG_Interrupt.htm
PCI\PCI-1710\property\CFG_SlotNumber.htm
PCI\PCI-1710\property\Deviceproperty.htm
PCI\PCI-1710\structure\datastructure.htm
PCI\PCI-1711\cover.htm
PCI\PCI-1711\Eventtype\Eventtype.htm
PCI\PCI-1711\features\keyfeature.htm
PCI\PCI-1711\Function\funcdesc.htm
PCI\PCI-1711\property\CFG_AiFifoSize.htm
PCI\PCI-1711\property\CFG_AiPacerRate.htm
PCI\PCI-1711\property\CFG_AoChanRange.htm
PCI\PCI-1711\property\CFG_AoRangeList.htm
PCI\PCI-1711\property\CFG_BaseAddress.htm
PCI\PCI-1711\property\CFG_BoardID.htm
PCI\PCI-1711\property\CFG_BusNumber.htm
PCI\PCI-1711\property\CFG_CntrChannelCapability.htm
PCI\PCI-1711\property\CFG_CntrInternalClockFreq.htm
PCI\PCI-1711\property\CFG_DiChannelCount.htm
PCI\PCI-1711\property\CFG_DiPortCount.htm
PCI\PCI-1711\property\CFG_DoChannelCount.htm
PCI\PCI-1711\property\CFG_DoPortCount.htm
PCI\PCI-1711\property\CFG_Interrupt.htm
PCI\PCI-1711\property\CFG_SlotNumber.htm
PCI\PCI-1711\property\Deviceproperty.htm
PCI\PCI-1711\structure\datastructure.htm
PCI\PCI-1712\cover.htm
PCI\PCI-1712\Eventtype\Eventtype.htm
PCI\PCI-1712\FEATURES\keyfeature.htm
PCI\PCI-1712\FUNCTION\funcdesc.htm
PCI\PCI-1712\property\CFG_AIChanConfig.htm
PCI\PCI-1712\property\CFG_AIPacerRate.htm
PCI\PCI-1712\property\CFG_AoChanRange.htm
PCI\PCI-1712\property\CFG_AOPacerRate.htm
PCI\PCI-1712\property\CFG_AoRangeList.htm
PCI\PCI-1712\property\CFG_BaseAddress.htm
PCI\PCI-1712\property\CFG_BoardID.htm
PCI\PCI-1712\property\CFG_BusNumber.htm
PCI\PCI-1712\property\CFG_CntrChannelCapability.htm
PCI\PCI-1712\property\CFG_CntrInternalClockFreq.htm
PCI\PCI-1712\property\CFG_DiChannelCount.htm
PCI\PCI-1712\property\CFG_DiPortCount.htm
PCI\PCI-1712\property\CFG_DoChannelCount.htm
PCI\PCI-1712\property\CFG_DoPortCount.htm
PCI\PCI-1712\property\CFG_Interrupt.htm
PCI\PCI-1712\property\CFG_SlotNumber.htm
PCI\PCI-1712\property\Deviceproperty.htm
PCI\PCI-1712\STRUCTURE\DataStructure.htm
PCI\PCI-1713\cover.htm
PCI\PCI-1713\Eventtype\Eventtype.htm
PCI\PCI-1713\features\keyfeature.htm
PCI\PCI-1713\Function\funcdesc.htm
PCI\PCI-1713\property\CFG_AiChanConfig.htm
PCI\PCI-1713\property\CFG_AiFifoSize.htm
PCI\PCI-1713\property\CFG_AiPacerRate.htm
PCI\PCI-1713\property\CFG_BaseAddress.htm
PCI\PCI-1713\property\CFG_BoardID.htm
PCI\PCI-1713\property\CFG_BusNumber.htm
PCI\PCI-1713\property\CFG_Interrupt.htm
PCI\PCI-1713\property\CFG_SlotNumber.htm
PCI\PCI-1713\property\Deviceproperty.htm
PCI\PCI-1713\structure\datastructure.htm
PCI\PCI-1714\cover.htm
PCI\PCI-1714\Eventtype\Eventtype.htm
PCI\PCI-1714\features\keyfeature.htm
PCI\PCI-1714\Function\funcdesc.htm
PCI\PCI-1714\property\CFG_AiFifoSize.htm
PCI\PCI-1714\property\CFG_AiPacerRate.htm
PCI\PCI-1714\property\CFG_BaseAddress.htm
PCI\PCI-1714\property\CFG_BoardID.htm
PCI\PCI-1714\property\CFG_BusNumber.htm
PCI\PCI-1714\property\CFG_Interrupt.htm
PCI\PCI-1714\property\CFG_SlotNumber.htm
PCI\PCI-1714\property\Deviceproperty.htm
PCI\PCI-1714\structure\Datastructure.htm
PCI\PCI-1715\cover.htm
PCI\PCI-1715\Eventtype\Eventtype.htm
PCI\PCI-1715\features\keyfeature.htm
PCI\PCI-1715\Function\funcdesc.htm
PCI\PCI-1715\property\CFG_AiChanConfig.htm
PCI\PCI-1715\property\CFG_AiFifoSize.htm
PCI\PCI-1715\property\CFG_AiPacerRate.htm
PCI\PCI-1715\property\CFG_BaseAddress.htm
PCI\PCI-1715\property\CFG_BoardID.htm
PCI\PCI-1715\property\CFG_BusNumber.htm
PCI\PCI-1715\property\CFG_Interrupt.htm
PCI\PCI-1715\property\CFG_SlotNumber.htm
PCI\PCI-1715\property\Deviceproperty.htm
PCI\PCI-1715\structure\Datastructure.htm
PCI\PCI-1716\cover.htm
PCI\PCI-1716\Eventtype\Eventtype.htm
PCI\PCI-1716\FEATURES\keyfeature.htm
PCI\PCI-1716\FUNCTION\funcdesc.htm
PCI\PCI-1716\property\CFG_AIChanConfig.htm
PCI\PCI-1716\property\CFG_AIPacerRate.htm
PCI\PCI-1716\property\CFG_AoChanRange.htm
PCI\PCI-1716\property\CFG_AoRangeList.htm
PCI\PCI-1716\property\CFG_BaseAddress.htm
PCI\PCI-1716\property\CFG_BoardID.htm
PCI\PCI-1716\property\CFG_BusNumber.htm
PCI\PCI-1716\property\CFG_CntrChannelCapability.htm
PCI\PCI-1716\property\CFG_CntrInternalClockFreq.htm
PCI\PCI-1716\property\CFG_DiChannelCount.htm
PCI\PCI-1716\property\CFG_DiPortCount.htm
PCI\PCI-1716\property\CFG_DoChannelCount.htm
PCI\PCI-1716\property\CFG_DoPortCount.htm
PCI\PCI-1716\property\CFG_Interrupt.htm
PCI\PCI-1716\property\CFG_SlotNumber.htm
PCI\PCI-1716\property\Deviceproperty.htm
PCI\PCI-1716\STRUCTURE\DataStructure.htm
PCI\PCI-1718\cover.htm
PCI\PCI-1718\Eventtype\Eventtype.htm
PCI\PCI-1718\features\calibration.htm
PCI\PCI-1718\features\keyfeature.htm
PCI\PCI-1718\Function\funcdesc.htm
PCI\PCI-1718\property\CFG_AIChanConfig.htm
PCI\PCI-1718\property\CFG_AIPacerRate.htm
PCI\PCI-1718\property\CFG_AiTimerClock.htm
PCI\PCI-1718\property\CFG_BaseAddress.htm
PCI\PCI-1718\property\CFG_BoardID.htm
PCI\PCI-1718\property\CFG_BusNumber.htm
PCI\PCI-1718\property\CFG_CntrInternalClockFreq.htm
PCI\PCI-1718\property\CFG_DiChannelCount.htm
PCI\PCI-1718\property\CFG_DiPortCount.htm
PCI\PCI-1718\property\CFG_DoChannelCount.htm
PCI\PCI-1718\property\CFG_DoPortCount.htm
PCI\PCI-1718\property\CFG_Interrupt.htm
PCI\PCI-1718\property\CFG_SlotNumber.htm
PCI\PCI-1718\property\Deviceproperty.htm
PCI\PCI-1718\structure\datastructure.htm
PCI\PCI-1720\cover.htm
PCI\PCI-1720\features\keyfeature.htm
PCI\PCI-1720\Function\funcdesc.htm
PCI\PCI-1720\property\CFG_AoChanRange.htm
PCI\PCI-1720\property\CFG_AoRangeList.htm
PCI\PCI-1720\property\CFG_BaseAddress.htm
PCI\PCI-1720\property\CFG_BoardID.htm
PCI\PCI-1720\property\CFG_BusNumber.htm
PCI\PCI-1720\property\CFG_Interrupt.htm
PCI\PCI-1720\property\CFG_SlotNumber.htm
PCI\PCI-1720\property\Deviceproperty.htm
PCI\PCI-1720\structure\Datastructure.htm
PCI\PCI-1721\cover.htm
PCI\PCI-1721\Eventtype\Eventtype.htm
PCI\PCI-1721\features\keyfeature.htm
PCI\PCI-1721\Function\funcdesc.htm
PCI\PCI-1721\property\CFG_AoChanRange.htm
PCI\PCI-1721\property\CFG_AoPacerRate.htm
PCI\PCI-1721\property\CFG_AoRangeList.htm
PCI\PCI-1721\property\CFG_BaseAddress.htm
PCI\PCI-1721\property\CFG_BoardID.htm
PCI\PCI-1721\property\CFG_BusNumber.htm
PCI\PCI-1721\property\CFG_CntrChannelCapability.htm
PCI\PCI-1721\property\CFG_CntrInternalClockFreq.htm
PCI\PCI-1721\property\CFG_DiChannelCount.htm
PCI\PCI-1721\property\CFG_DiPortCount.htm
PCI\PCI-1721\property\CFG_DoChannelCount.htm
PCI\PCI-1721\property\CFG_DoPortCount.htm
PCI\PCI-1721\property\CFG_Interrupt.htm
PCI\PCI-1721\property\CFG_SlotNumber.htm
PCI\PCI-1721\property\Deviceproperty.htm
PCI\PCI-1721\structure\datastructure.htm
PCI\PCI-1723\cover.htm
PCI\PCI-1723\features\keyfeature.htm
PCI\PCI-1723\Function\funcdesc.htm
PCI\PCI-1723\property\CFG_AoChanRange.htm
PCI\PCI-1723\property\CFG_AoRangeList.htm
PCI\PCI-1723\property\CFG_BaseAddress.htm
PCI\PCI-1723\property\CFG_BoardID.htm
PCI\PCI-1723\property\CFG_BusNumber.htm
PCI\PCI-1723\property\CFG_DiChannelCount.htm
PCI\PCI-1723\property\CFG_DioChannelDirection.htm
PCI\PCI-1723\property\CFG_DiPortCount.htm
PCI\PCI-1723\property\CFG_DoChannelCount.htm
PCI\PCI-1723\property\CFG_DoPortCount.htm
PCI\PCI-1723\property\CFG_Interrupt.htm
PCI\PCI-1723\property\CFG_SlotNumber.htm
PCI\PCI-1723\property\Deviceproperty.htm
PCI\PCI-1723\structure\Datastructure.htm
PCI\PCI-1724\cover.htm
PCI\PCI-1724\features\keyfeature.htm
PCI\PCI-1724\Function\funcdesc.htm
PCI\PCI-1724\property\CFG_AoChanRange.htm
PCI\PCI-1724\property\CFG_AoRangeList.htm
PCI\PCI-1724\property\CFG_BaseAddress.htm
PCI\PCI-1724\property\CFG_BoardID.htm
PCI\PCI-1724\property\CFG_BusNumber.htm
PCI\PCI-1724\property\CFG_Interrupt.htm
PCI\PCI-1724\property\CFG_SlotNumber.htm
PCI\PCI-1724\property\Deviceproperty.htm
PCI\PCI-1724\structure\Datastructure.htm
PCI\PCI-1727U\cover.htm
PCI\PCI-1727U\features\keyfeature.htm
PCI\PCI-1727U\Function\funcdesc.htm
PCI\PCI-1727U\property\CFG_AoChanRange.htm
PCI\PCI-1727U\property\CFG_AoRangeList.htm
PCI\PCI-1727U\property\CFG_BaseAddress.htm
PCI\PCI-1727U\property\CFG_BoardID.htm
PCI\PCI-1727U\property\CFG_BusNumber.htm
PCI\PCI-1727U\property\CFG_DiChannelCount.htm
PCI\PCI-1727U\property\CFG_DiPortCount.htm
PCI\PCI-1727U\property\CFG_DoChannelCount.htm
PCI\PCI-1727U\property\CFG_DoPortCount.htm
PCI\PCI-1727U\property\CFG_Interrupt.htm
PCI\PCI-1727U\property\CFG_SlotNumber.htm
PCI\PCI-1727U\property\Deviceproperty.htm
PCI\PCI-1727U\structure\datastructure.htm
PCI\PCI-1730\cover.htm
PCI\PCI-1730\Eventtype\Eventtype.htm
PCI\PCI-1730\features\keyfeature.htm
PCI\PCI-1730\Function\funcdesc.htm
PCI\PCI-1730\property\CFG_BaseAddress.htm
PCI\PCI-1730\property\CFG_BoardID.htm
PCI\PCI-1730\property\CFG_BusNumber.htm
PCI\PCI-1730\property\CFG_DiChannelCount.htm
PCI\PCI-1730\property\CFG_DiInterruptTriggerOnFallingEdge.htm
PCI\PCI-1730\property\CFG_DiInterruptTriggerOnRisingEdge.htm
PCI\PCI-1730\property\CFG_DiPortCount.htm
PCI\PCI-1730\property\CFG_DoChannelCount.htm
PCI\PCI-1730\property\CFG_DoPortCount.htm
PCI\PCI-1730\property\CFG_Interrupt.htm
PCI\PCI-1730\property\CFG_SlotNumber.htm
PCI\PCI-1730\property\Deviceproperty.htm
PCI\PCI-1730\structure\datastructure.htm
PCI\PCI-1733\cover.htm
PCI\PCI-1733\Eventtype\Eventtype.htm
PCI\PCI-1733\features\keyfeature.htm
PCI\PCI-1733\Function\funcdesc.htm
PCI\PCI-1733\property\CFG_BaseAddress.htm
PCI\PCI-1733\property\CFG_BoardID.htm
PCI\PCI-1733\property\CFG_BusNumber.htm
PCI\PCI-1733\property\CFG_DiChannelCount.htm
PCI\PCI-1733\property\CFG_DiInterruptTriggerOnFallingEdge.htm
PCI\PCI-1733\property\CFG_DiInterruptTriggerOnRisingEdge.htm
PCI\PCI-1733\property\CFG_DiPortCount.htm
PCI\PCI-1733\property\CFG_DoChannelCount.htm
PCI\PCI-1733\property\CFG_DoPortCount.htm
PCI\PCI-1733\property\CFG_Interrupt.htm
PCI\PCI-1733\property\CFG_SlotNumber.htm
PCI\PCI-1733\property\Deviceproperty.htm
PCI\PCI-1733\structure\datastructure.htm
PCI\PCI-1734\cover.htm
PCI\PCI-1734\features\keyfeature.htm
PCI\PCI-1734\Function\funcdesc.htm
PCI\PCI-1734\property\CFG_BaseAddress.htm
PCI\PCI-1734\property\CFG_BoardID.htm
PCI\PCI-1734\property\CFG_BusNumber.htm
PCI\PCI-1734\property\CFG_DoChannelCount.htm
PCI\PCI-1734\property\CFG_DoPortCount.htm
PCI\PCI-1734\property\CFG_SlotNumber.htm
PCI\PCI-1734\property\Deviceproperty.htm
PCI\PCI-1734\structure\datastructure.htm
PCI\PCI-1735U\cover.htm
PCI\PCI-1735U\features\keyfeature.htm
PCI\PCI-1735U\Function\funcdesc.htm
PCI\PCI-1735U\property\CFG_BaseAddress.htm
PCI\PCI-1735U\property\CFG_BoardID.htm
PCI\PCI-1735U\property\CFG_BusNumber.htm
PCI\PCI-1735U\property\CFG_CntrInternalClockFreq.htm
PCI\PCI-1735U\property\CFG_CntrInternalClockFreqMode.htm
PCI\PCI-1735U\property\CFG_DiChannelCount.htm
PCI\PCI-1735U\property\CFG_DiPortCount.htm
PCI\PCI-1735U\property\CFG_DoChannelCount.htm
PCI\PCI-1735U\property\CFG_DoPortCount.htm
PCI\PCI-1735U\property\CFG_Interrupt.htm
PCI\PCI-1735U\property\CFG_SlotNumber.htm
PCI\PCI-1735U\property\Deviceproperty.htm
PCI\PCI-1735U\structure\datastructure.htm
PCI\PCI-1736\cover.htm
PCI\PCI-1736\Eventtype\Eventtype.htm
PCI\PCI-1736\features\key_feature.htm
PCI\PCI-1736\Function\funcdesc.htm
PCI\PCI-1736\property\CFG_BaseAddress.htm
PCI\PCI-1736\property\CFG_BoardID.htm
PCI\PCI-1736\property\CFG_BusNumber.htm
PCI\PCI-1736\property\CFG_DiChannelCount.htm
PCI\PCI-1736\property\CFG_DiInterruptTriggerOnFallingEdge.htm
PCI\PCI-1736\property\CFG_DiInterruptTriggerOnRisingEdge.htm
PCI\PCI-1736\property\CFG_DiPortCount.htm
PCI\PCI-1736\property\CFG_DoChannelCount.htm
PCI\PCI-1736\property\CFG_DoPortCount.htm
PCI\PCI-1736\property\CFG_Interrupt.htm
PCI\PCI-1736\property\CFG_SlotNumber.htm
PCI\PCI-1736\property\Deviceproperty.htm
PCI\PCI-1736\Structure\DataStructure.htm
PCI\PCI-1737U\cover.htm
PCI\PCI-1737U\Eventtype\Eventtype.htm
PCI\PCI-1737U\features\keyfeature.htm
PCI\PCI-1737U\Function\funcdesc.htm
PCI\PCI-1737U\property\CFG_BaseAddress.htm
PCI\PCI-1737U\property\CFG_BoardID.htm
PCI\PCI-1737U\property\CFG_BusNumber.htm
PCI\PCI-1737U\property\CFG_DiChannelCount.htm
PCI\PCI-1737U\property\CFG_DiInterruptTriggerOnFallingEdge.htm
PCI\PCI-1737U\property\CFG_DiInterruptTriggerOnRisingEdge.htm
PCI\PCI-1737U\property\CFG_DioChannelDirection.htm
PCI\PCI-1737U\property\CFG_DiPortCount.htm
PCI\PCI-1737U\property\CFG_DoChannelCount.htm
PCI\PCI-1737U\property\CFG_DoPortCount.htm
PCI\PCI-1737U\property\CFG_Interrupt.htm
PCI\PCI-1737U\property\CFG_InterruptTriggerSource.htm
PCI\PCI-1737U\property\CFG_SlotNumber.htm
PCI\PCI-1737U\property\Deviceproperty.htm
PCI\PCI-1737U\structure\datastructure.htm
PCI\PCI-1739U\cover.htm
PCI\PCI-1739U\Eventtype\Eventtype.htm
PCI\PCI-1739U\features\keyfeature.htm
PCI\PCI-1739U\Function\funcdesc.htm
PCI\PCI-1739U\property\CFG_BaseAddress.htm
PCI\PCI-1739U\property\CFG_BoardID.htm
PCI\PCI-1739U\property\CFG_BusNumber.htm
PCI\PCI-1739U\property\CFG_DiChannelCount.htm
PCI\PCI-1739U\property\CFG_DiInterruptTriggerOnFallingEdge.htm
PCI\PCI-1739U\property\CFG_DiInterruptTriggerOnRisingEdge.htm
PCI\PCI-1739U\property\CFG_DioChannelDirection.htm
PCI\PCI-1739U\property\CFG_DiPortCount.htm
PCI\PCI-1739U\property\CFG_DoChannelCount.htm
PCI\PCI-1739U\property\CFG_DoPortCount.htm
PCI\PCI-1739U\property\CFG_Interrupt.htm
PCI\PCI-1739U\property\CFG_InterruptTriggerSource.htm
PCI\PCI-1739U\property\CFG_SlotNumber.htm
PCI\PCI-1739U\property\Deviceproperty.htm
PCI\PCI-1739U\structure\DataStructure.htm
PCI\PCI-1741U\cover.htm
PCI\PCI-1741U\Eventtype\Eventtype.htm
PCI\PCI-1741U\features\keyfeature.htm
PCI\PCI-1741U\Function\funcdesc.htm
PCI\PCI-1741U\property\CFG_AiChanConfig.htm
PCI\PCI-1741U\property\CFG_AiFifoSize.htm
PCI\PCI-1741U\property\CFG_AiPacerRate.htm
PCI\PCI-1741U\property\CFG_AoChanRange.htm
PCI\PCI-1741U\property\CFG_AoRangeList.htm
PCI\PCI-1741U\property\CFG_BaseAddress.htm
PCI\PCI-1741U\property\CFG_BoardID.htm
PCI\PCI-1741U\property\CFG_BusNumber.htm
PCI\PCI-1741U\property\CFG_CntrChannelCapability.htm
PCI\PCI-1741U\property\CFG_CntrInternalClockFreq.htm
PCI\PCI-1741U\property\CFG_DiChannelCount.htm
PCI\PCI-1741U\property\CFG_DiPortCount.htm
PCI\PCI-1741U\property\CFG_DoChannelCount.htm
PCI\PCI-1741U\property\CFG_DoPortCount.htm
PCI\PCI-1741U\property\CFG_Interrupt.htm
PCI\PCI-1741U\property\CFG_SlotNumber.htm
PCI\PCI-1741U\property\Deviceproperty.htm
PCI\PCI-1741U\structure\datastructure.htm
PCI\PCI-1742U\cover.htm
PCI\PCI-1742U\Eventtype\Eventtype.htm
PCI\PCI-1742U\features\keyfeature.htm
PCI\PCI-1742U\Function\funcdesc.htm
PCI\PCI-1742U\property\CFG_AiChanConfig.htm
PCI\PCI-1742U\property\CFG_AiFifoSize.htm
PCI\PCI-1742U\property\CFG_AiPacerRate.htm
PCI\PCI-1742U\property\CFG_AoChanRange.htm
PCI\PCI-1742U\property\CFG_AoRangeList.htm
PCI\PCI-1742U\property\CFG_BaseAddress.htm
PCI\PCI-1742U\property\CFG_BoardID.htm
PCI\PCI-1742U\property\CFG_BusNumber.htm
PCI\PCI-1742U\property\CFG_CntrChannelCapability.htm
PCI\PCI-1742U\property\CFG_CntrInternalClockFreq.htm
PCI\PCI-1742U\property\CFG_DiChannelCount.htm
PCI\PCI-1742U\property\CFG_DiPortCount.htm
PCI\PCI-1742U\property\CFG_DoChannelCount.htm
PCI\PCI-1742U\property\CFG_DoPortCount.htm
PCI\PCI-1742U\property\CFG_Interrupt.htm
PCI\PCI-1742U\property\CFG_SlotNumber.htm
PCI\PCI-1742U\property\Deviceproperty.htm
PCI\PCI-1742U\structure\Datastructure.htm
PCI\PCI-1747\cover.htm
PCI\PCI-1747\Eventtype\Eventtype.htm
PCI\PCI-1747\features\keyfeature.htm
PCI\PCI-1747\Function\funcdesc.htm
PCI\PCI-1747\property\CFG_AIChanConfig.htm
PCI\PCI-1747\property\CFG_AiFifoSize.htm
PCI\PCI-1747\property\CFG_AIPacerRate.htm
PCI\PCI-1747\property\CFG_BaseAddress.htm
PCI\PCI-1747\property\CFG_BoardID.htm
PCI\PCI-1747\property\CFG_BusNumber.htm
PCI\PCI-1747\property\CFG_Interrupt.htm
PCI\PCI-1747\property\CFG_SlotNumber.htm
PCI\PCI-1747\property\Deviceproperty.htm
PCI\PCI-1747\structure\datastructure.htm
PCI\PCI-1750\cover.htm
PCI\PCI-1750\Eventtype\Eventtype.htm
PCI\PCI-1750\features\keyfeature.htm
PCI\PCI-1750\Function\funcdesc.htm
PCI\PCI-1750\property\CFG_BaseAddress.htm
PCI\PCI-1750\property\CFG_BoardID.htm
PCI\PCI-1750\property\CFG_BusNumber.htm
PCI\PCI-1750\property\CFG_CascadeMode.htm
PCI\PCI-1750\property\CFG_DiChannelCount.htm
PCI\PCI-1750\property\CFG_DiInterruptTriggerOnFallingEdge.htm
PCI\PCI-1750\property\CFG_DiInterruptTriggerOnRisingEdge.htm
PCI\PCI-1750\property\CFG_DiPortCount.htm
PCI\PCI-1750\property\CFG_DoChannelCount.htm
PCI\PCI-1750\property\CFG_DoPortCount.htm
PCI\PCI-1750\property\CFG_Interrupt.htm
PCI\PCI-1750\property\CFG_InterruptTriggerSource.htm
PCI\PCI-1750\property\CFG_SlotNumber.htm
PCI\PCI-1750\property\Deviceproperty.htm
PCI\PCI-1750\structure\datastructure.htm
PCI\PCI-1751\cover.htm
PCI\PCI-1751\Eventtype\Eventtype.htm
PCI\PCI-1751\features\keyfeature.htm
PCI\PCI-1751\Function\funcdesc.htm
PCI\PCI-1751\property\CFG_BaseAddress.htm
PCI\PCI-1751\property\CFG_BoardID.htm
PCI\PCI-1751\property\CFG_BusNumber.htm
PCI\PCI-1751\property\CFG_CascadeMode.htm
PCI\PCI-1751\property\CFG_DiChannelCount.htm
PCI\PCI-1751\property\CFG_DiInterruptTriggerOnFallingEdge.htm
PCI\PCI-1751\property\CFG_DiInterruptTriggerOnRisingEdge.htm
PCI\PCI-1751\property\CFG_DioChannelDirection.htm
PCI\PCI-1751\property\CFG_DiPortCount.htm
PCI\PCI-1751\property\CFG_DoChannelCount.htm
PCI\PCI-1751\property\CFG_DoPortCount.htm
PCI\PCI-1751\property\CFG_Interrupt.htm
PCI\PCI-1751\property\CFG_InterruptTriggerSource.htm
PCI\PCI-1751\property\CFG_SlotNumber.htm
PCI\PCI-1751\property\Deviceproperty.htm
PCI\PCI-1751\structure\datastructure.htm
PCI\PCI-1752\cover.htm
PCI\PCI-1752\features\keyfeature.htm
PCI\PCI-1752\Function\funcdesc.htm
PCI\PCI-1752\property\CFG_BaseAddress.htm
PCI\PCI-1752\property\CFG_BoardID.htm
PCI\PCI-1752\property\CFG_BusNumber.htm
PCI\PCI-1752\property\CFG_DoChannelCount.htm
PCI\PCI-1752\property\CFG_DoEnableChannelFreeze.htm
PCI\PCI-1752\property\CFG_DoPortCount.htm
PCI\PCI-1752\property\CFG_SlotNumber.htm
PCI\PCI-1752\property\Deviceproperty.htm
PCI\PCI-1752\structure\datastructure.htm
PCI\PCI-1753\cover.htm
PCI\PCI-1753\Eventtype\Eventtype.htm
PCI\PCI-1753\features\keyfeature.htm
PCI\PCI-1753\Function\funcdesc.htm
PCI\PCI-1753\property\CFG_BaseAddress.htm
PCI\PCI-1753\property\CFG_BoardID.htm
PCI\PCI-1753\property\CFG_BusNumber.htm
PCI\PCI-1753\property\CFG_DiChannelCount.htm
PCI\PCI-1753\property\CFG_DiInterruptTriggerOnFallingEdge.htm
PCI\PCI-1753\property\CFG_DiInterruptTriggerOnRisingEdge.htm
PCI\PCI-1753\property\CFG_DioChannelDirection.htm
PCI\PCI-1753\property\CFG_DiPatternMatchEnabledChannel.htm
PCI\PCI-1753\property\CFG_DiPatternMatchValue.htm
PCI\PCI-1753\property\CFG_DiPortCount.htm
PCI\PCI-1753\property\CFG_DiStatusChangeEnableChannel.htm
PCI\PCI-1753\property\CFG_DoChannelCount.htm
PCI\PCI-1753\property\CFG_DoPortCount.htm
PCI\PCI-1753\property\CFG_Interrupt.htm
PCI\PCI-1753\property\CFG_InterruptTriggerSource.htm
PCI\PCI-1753\property\CFG_SlotNumber.htm
PCI\PCI-1753\property\Deviceproperty.htm
PCI\PCI-1753\structure\datastructure.htm
PCI\PCI-1754\cover.htm
PCI\PCI-1754\Eventtype\Eventtype.htm
PCI\PCI-1754\features\keyfeature.htm
PCI\PCI-1754\Function\funcdesc.htm
PCI\PCI-1754\property\CFG_BaseAddress.htm
PCI\PCI-1754\property\CFG_BoardID.htm
PCI\PCI-1754\property\CFG_BusNumber.htm
PCI\PCI-1754\property\CFG_DiChannelCount.htm
PCI\PCI-1754\property\CFG_DiEnableLatch.htm
PCI\PCI-1754\property\CFG_DiInterruptTriggerOnFallingEdge.htm
PCI\PCI-1754\property\CFG_DiInterruptTriggerOnRisingEdge.htm
PCI\PCI-1754\property\CFG_DiPortCount.htm
PCI\PCI-1754\property\CFG_Interrupt.htm
PCI\PCI-1754\property\CFG_SlotNumber.htm
PCI\PCI-1754\property\Deviceproperty.htm
PCI\PCI-1754\structure\datastructure.htm
PCI\PCI-1756\cover.htm
PCI\PCI-1756\Eventtype\Eventtype.htm
PCI\PCI-1756\features\keyfeature.htm
PCI\PCI-1756\Function\funcdesc.htm
PCI\PCI-1756\property\CFG_BaseAddress.htm
PCI\PCI-1756\property\CFG_BoardID.htm
PCI\PCI-1756\property\CFG_BusNumber.htm
PCI\PCI-1756\property\CFG_DiChannelCount.htm
PCI\PCI-1756\property\CFG_DiEnableLatch.htm
PCI\PCI-1756\property\CFG_DiInterruptTriggerOnFallingEdge.htm
PCI\PCI-1756\property\CFG_DiInterruptTriggerOnRisingEdge.htm
PCI\PCI-1756\property\CFG_DiPortCount.htm
PCI\PCI-1756\property\CFG_DoChannelCount.htm
PCI\PCI-1756\property\CFG_DoEnableChannelFreeze.htm
PCI\PCI-1756\property\CFG_DoPortCount.htm
PCI\PCI-1756\property\CFG_Interrupt.htm
PCI\PCI-1756\property\CFG_SlotNumber.htm
PCI\PCI-1756\property\Deviceproperty.htm
PCI\PCI-1756\structure\datastructure.htm
PCI\PCI-1757UP\cover.htm
PCI\PCI-1757UP\Eventtype\Eventtype.htm
PCI\PCI-1757UP\features\keyfeature.htm
PCI\PCI-1757UP\Function\funcdesc.htm
PCI\PCI-1757UP\property\CFG_BaseAddress.htm
PCI\PCI-1757UP\property\CFG_BoardID.htm
PCI\PCI-1757UP\property\CFG_BusNumber.htm
PCI\PCI-1757UP\property\CFG_DiChannelCount.htm
PCI\PCI-1757UP\property\CFG_DiInterruptTriggerOnFallingEdge.htm
PCI\PCI-1757UP\property\CFG_DiInterruptTriggerOnRisingEdge.htm
PCI\PCI-1757UP\property\CFG_DioChannelDirection.htm
PCI\PCI-1757UP\property\CFG_DiPortCount.htm
PCI\PCI-1757UP\property\CFG_DoChannelCount.htm
PCI\PCI-1757UP\property\CFG_DoPortCount.htm
PCI\PCI-1757UP\property\CFG_Interrupt.htm
PCI\PCI-1757UP\property\CFG_InterruptTriggerSource.htm
PCI\PCI-1757UP\property\CFG_SlotNumber.htm
PCI\PCI-1757UP\property\Deviceproperty.htm
PCI\PCI-1757UP\structure\datastructure.htm
PCI\PCI-1758U\cover.htm
PCI\PCI-1758U\Eventtype\Eventtype.htm
PCI\PCI-1758U\features\keyfeature.htm
PCI\PCI-1758U\Function\funcdesc.htm
PCI\PCI-1758U\property\CFG_BaseAddress.htm
PCI\PCI-1758U\property\CFG_BoardID.htm
PCI\PCI-1758U\property\CFG_BusNumber.htm
PCI\PCI-1758U\property\CFG_DiChannelCount.htm
PCI\PCI-1758U\property\CFG_DIFilterEnable.htm
PCI\PCI-1758U\property\CFG_DiFilterIntervalCounter.htm
PCI\PCI-1758U\property\CFG_DiInterruptTriggerOnFallingEdge.htm
PCI\PCI-1758U\property\CFG_DiInterruptTriggerOnRisingEdge.htm
PCI\PCI-1758U\property\CFG_DiPortCount.htm
PCI\PCI-1758U\property\CFG_DoChannelCount.htm
PCI\PCI-1758U\property\CFG_DoPortCount.htm
PCI\PCI-1758U\property\CFG_DOPresetValue.htm
PCI\PCI-1758U\property\CFG_DOWatchdogValue.htm
PCI\PCI-1758U\property\CFG_Interrupt.htm
PCI\PCI-1758U\property\CFG_SlotNumber.htm
PCI\PCI-1758U\property\CFG_WatchdogCounter.htm
PCI\PCI-1758U\property\Deviceproperty.htm
PCI\PCI-1758U\structure\datastructure.htm
PCI\PCI-1760\cover.htm
PCI\PCI-1760\Eventtype\Eventtype.htm
PCI\PCI-1760\features\keyfeature.htm
PCI\PCI-1760\Function\funcdesc.htm
PCI\PCI-1760\property\CFG_BaseAddress.htm
PCI\PCI-1760\property\CFG_BoardID.htm
PCI\PCI-1760\property\CFG_BusNumber.htm
PCI\PCI-1760\property\CFG_DiChannelCount.htm
PCI\PCI-1760\property\CFG_DiCounterDirection.htm
PCI\PCI-1760\property\CFG_DiCounterEnable.htm
PCI\PCI-1760\property\CFG_DiCounterMatchEnable.htm
PCI\PCI-1760\property\CFG_DiCounterOverflow.htm
PCI\PCI-1760\property\CFG_DiCounterPreset.htm
PCI\PCI-1760\property\CFG_DiCounterTrigEdge.htm
PCI\PCI-1760\property\CFG_DiCounterValue.htm
PCI\PCI-1760\property\CFG_DiFilterEnable.htm
PCI\PCI-1760\property\CFG_DiFilterHiValue.htm
PCI\PCI-1760\property\CFG_DiFilterLowValue.htm
PCI\PCI-1760\property\CFG_DiPatternMatchEnabledChannel.htm
PCI\PCI-1760\property\CFG_DiPatternMatchValue.htm
PCI\PCI-1760\property\CFG_DiPortCount.htm
PCI\PCI-1760\property\CFG_DiStatusChangeOnFallingEdge.htm
PCI\PCI-1760\property\CFG_DiStatusChangeOnRisingEdge.htm
PCI\PCI-1760\property\CFG_DoChannelCount.htm
PCI\PCI-1760\property\CFG_DoPortCount.htm
PCI\PCI-1760\property\CFG_Interrupt.htm
PCI\PCI-1760\property\CFG_SlotNumber.htm
PCI\PCI-1760\property\Deviceproperty.htm
PCI\PCI-1760\structure\datastructure.htm
PCI\PCI-1761\cover.htm
PCI\PCI-1761\Eventtype\Eventtype.htm
PCI\PCI-1761\features\keyfeature.htm
PCI\PCI-1761\Function\funcdesc.htm
PCI\PCI-1761\property\CFG_BaseAddress.htm
PCI\PCI-1761\property\CFG_BoardID.htm
PCI\PCI-1761\property\CFG_BusNumber.htm
PCI\PCI-1761\property\CFG_DiChannelCount.htm
PCI\PCI-1761\property\CFG_DiInterruptTriggerOnFallingEdge.htm
PCI\PCI-1761\property\CFG_DiInterruptTriggerOnRisingEdge.htm
PCI\PCI-1761\property\CFG_DiPortCount.htm
PCI\PCI-1761\property\CFG_DoChannelCount.htm
PCI\PCI-1761\property\CFG_DoPortCount.htm
PCI\PCI-1761\property\CFG_Interrupt.htm
PCI\PCI-1761\property\CFG_SlotNumber.htm
PCI\PCI-1761\property\Deviceproperty.htm
PCI\PCI-1761\structure\datastructure.htm
PCI\PCI-1762\cover.htm
PCI\PCI-1762\Eventtype\Eventtype.htm
PCI\PCI-1762\features\keyfeature.htm
PCI\PCI-1762\Function\funcdesc.htm
PCI\PCI-1762\property\CFG_BaseAddress.htm
PCI\PCI-1762\property\CFG_BoardID.htm
PCI\PCI-1762\property\CFG_BusNumber.htm
PCI\PCI-1762\property\CFG_DiChannelCount.htm
PCI\PCI-1762\property\CFG_DiInterruptTriggerOnFallingEdge.htm
PCI\PCI-1762\property\CFG_DiInterruptTriggerOnRisingEdge.htm
PCI\PCI-1762\property\CFG_DiPortCount.htm
PCI\PCI-1762\property\CFG_DoChannelCount.htm
PCI\PCI-1762\property\CFG_DoPortCount.htm
PCI\PCI-1762\property\CFG_Interrupt.htm
PCI\PCI-1762\property\CFG_SlotNumber.htm
PCI\PCI-1762\property\Deviceproperty.htm
PCI\PCI-1762\structure\datastructure.htm
PCI\PCI-1763\cover.htm
PCI\PCI-1763\Eventtype\Eventtype.htm
PCI\PCI-1763\features\keyfeature.htm
PCI\PCI-1763\Function\funcdesc.htm
PCI\PCI-1763\property\CFG_BaseAddress.htm
PCI\PCI-1763\property\CFG_BoardID.htm
PCI\PCI-1763\property\CFG_BusNumber.htm
PCI\PCI-1763\property\CFG_DiChannelCount.htm
PCI\PCI-1763\property\CFG_DiInterruptTriggerOnFallingEdge.htm
PCI\PCI-1763\property\CFG_DiInterruptTriggerOnRisingEdge.htm
PCI\PCI-1763\property\CFG_DiPortCount.htm
PCI\PCI-1763\property\CFG_DoChannelCount.htm
PCI\PCI-1763\property\CFG_DoPortCount.htm
PCI\PCI-1763\property\CFG_Interrupt.htm
PCI\PCI-1763\property\CFG_SlotNumber.htm
PCI\PCI-1763\property\Deviceproperty.htm
PCI\PCI-1763\structure\datastructure.htm
PCI\PCI-1780\cover.htm
PCI\PCI-1780\Eventtype\Eventtype.htm
PCI\PCI-1780\features\keyfeature.htm
PCI\PCI-1780\Function\funcdesc.htm
PCI\PCI-1780\property\CFG_BaseAddress.htm
PCI\PCI-1780\property\CFG_BoardID.htm
PCI\PCI-1780\property\CFG_BusNumber.htm
PCI\PCI-1780\property\CFG_CntrAvailableAPI.htm
PCI\PCI-1780\property\CFG_CntrChannelCapability.htm
PCI\PCI-1780\property\CFG_CntrChannelEventID.htm
PCI\PCI-1780\property\CFG_CntrPWModulateValidRange.htm
PCI\PCI-1780\property\CFG_CntrSupportedCountEdge.htm
PCI\PCI-1780\property\CFG_CntrSupportedGateMode.htm
PCI\PCI-1780\property\CFG_CntrSupportedOutMode.htm
PCI\PCI-1780\property\CFG_Interrupt.htm
PCI\PCI-1780\property\CFG_SlotNumber.htm
PCI\PCI-1780\property\Deviceproperty.htm
PCI\PCI-1780\structure\datastructure.htm
PCI\PCI-1784\cover.htm
PCI\PCI-1784\EventType\Eventtype.htm
PCI\PCI-1784\features\keyfeature.htm
PCI\PCI-1784\Function\funcdesc.htm
PCI\PCI-1784\property\CFG_BaseAddress.htm
PCI\PCI-1784\property\CFG_BoardID.htm
PCI\PCI-1784\property\CFG_BusNumber.htm
PCI\PCI-1784\property\CFG_CntrAvailableAPI.htm
PCI\PCI-1784\property\CFG_CntrChannelCapability.htm
PCI\PCI-1784\property\CFG_CntrChannelCount.htm
PCI\PCI-1784\property\CFG_CntrClockFrequency.htm
PCI\PCI-1784\property\CFG_CntrCompareData.htm
PCI\PCI-1784\property\CFG_CntrCounterLockControl.htm
PCI\PCI-1784\property\CFG_CntrDigitalFilter.htm
PCI\PCI-1784\property\CFG_CntrIndexReset.htm
PCI\PCI-1784\property\CFG_CntrIndicatorControl.htm
PCI\PCI-1784\property\CFG_CntrInputModeControl.htm
PCI\PCI-1784\property\CFG_CntrInternalClockFreq.htm
PCI\PCI-1784\property\CFG_CntrResetValue.htm
PCI\PCI-1784\property\CFG_CntrResolution.htm
PCI\PCI-1784\property\CFG_CntrSupportedIndicator.htm
PCI\PCI-1784\property\CFG_CounterCountValue.htm
PCI\PCI-1784\property\CFG_DiChannelCount.htm
PCI\PCI-1784\property\CFG_DiInterruptSupportedChannel.htm
PCI\PCI-1784\property\CFG_DiInterruptTriggerOnRisingEdge.htm
PCI\PCI-1784\property\CFG_DiPortCount.htm
PCI\PCI-1784\property\CFG_DoChannelCount.htm
PCI\PCI-1784\property\CFG_DoPortCount.htm
PCI\PCI-1784\property\CFG_Interrupt.htm
PCI\PCI-1784\property\CFG_InterruptTriggerSource.htm
PCI\PCI-1784\property\CFG_SlotNumber.htm
PCI\PCI-1784\property\Deviceproperty.htm
PCI\PCI-1784\structure\DataStructure.htm
PCM\PCM-3718\cover.htm
PCM\PCM-3718\Eventtype\Eventtype.htm
PCM\PCM-3718\features\calibration.htm
PCM\PCM-3718\features\keyfeature.htm
PCM\PCM-3718\Function\funcdesc.htm
PCM\PCM-3718\property\CFG_AIChanConfig.htm
PCM\PCM-3718\property\CFG_AICyclicMode.htm
PCM\PCM-3718\property\CFG_AIPacerRate.htm
PCM\PCM-3718\property\CFG_BaseAddress.htm
PCM\PCM-3718\property\CFG_BoardID.htm
PCM\PCM-3718\property\CFG_DiChannelCount.htm
PCM\PCM-3718\property\CFG_DiPortCount.htm
PCM\PCM-3718\property\CFG_DoChannelCount.htm
PCM\PCM-3718\property\CFG_DoPortCount.htm
PCM\PCM-3718\property\CFG_Interrupt.htm
PCM\PCM-3718\property\Deviceproperty.htm
PCM\PCM-3718\structure\datastructure.htm
PCM\PCM-3724\cover.htm
PCM\PCM-3724\Eventtype\Eventtype.htm
PCM\PCM-3724\features\keyfeature.htm
PCM\PCM-3724\Function\funcdesc.htm
PCM\PCM-3724\property\CFG_BaseAddress.htm
PCM\PCM-3724\property\CFG_BoardID.htm
PCM\PCM-3724\property\CFG_DiChannelCount.htm
PCM\PCM-3724\property\CFG_DioChannelDirection.htm
PCM\PCM-3724\property\CFG_DiPortCount.htm
PCM\PCM-3724\property\CFG_DoChannelCount.htm
PCM\PCM-3724\property\CFG_DoPortCount.htm
PCM\PCM-3724\property\CFG_Interrupt.htm
PCM\PCM-3724\property\CFG_InterruptExt.htm
PCM\PCM-3724\property\Deviceproperty.htm
PCM\PCM-3724\structure\datastructure.htm
PCM\PCM-3725\cover.htm
PCM\PCM-3725\Eventtype\Eventtype.htm
PCM\PCM-3725\features\keyfeature.htm
PCM\PCM-3725\Function\funcdesc.htm
PCM\PCM-3725\property\CFG_BaseAddress.htm
PCM\PCM-3725\property\CFG_BoardID.htm
PCM\PCM-3725\property\CFG_DiChannelCount.htm
PCM\PCM-3725\property\CFG_DiPortCount.htm
PCM\PCM-3725\property\CFG_DoChannelCount.htm
PCM\PCM-3725\property\CFG_DoPortCount.htm
PCM\PCM-3725\property\CFG_Interrupt.htm
PCM\PCM-3725\property\Deviceproperty.htm
PCM\PCM-3725\structure\datastructure.htm
PCM\PCM-3730\cover.htm
PCM\PCM-3730\Eventtype\Eventtype.htm
PCM\PCM-3730\features\keyfeature.htm
PCM\PCM-3730\Function\funcdesc.htm
PCM\PCM-3730\property\CFG_BaseAddress.htm
PCM\PCM-3730\property\CFG_BoardID.htm
PCM\PCM-3730\property\CFG_DiChannelCount.htm
PCM\PCM-3730\property\CFG_DiPortCount.htm
PCM\PCM-3730\property\CFG_DoChannelCount.htm
PCM\PCM-3730\property\CFG_DoPortCount.htm
PCM\PCM-3730\property\CFG_Interrupt.htm
PCM\PCM-3730\property\Deviceproperty.htm
PCM\PCM-3730\structure\datastructure.htm
PCM\PCM-3730I\cover.htm
PCM\PCM-3730I\Eventtype\Eventtype.htm
PCM\PCM-3730I\features\keyfeature.htm
PCM\PCM-3730I\Function\funcdesc.htm
PCM\PCM-3730I\property\CFG_BaseAddress.htm
PCM\PCM-3730I\property\CFG_BoardID.htm
PCM\PCM-3730I\property\CFG_BusNumber.htm
PCM\PCM-3730I\property\CFG_DiChannelCount.htm
PCM\PCM-3730I\property\CFG_DiInterruptTriggerOnFallingEdge.htm
PCM\PCM-3730I\property\CFG_DiInterruptTriggerOnRisingEdge.htm
PCM\PCM-3730I\property\CFG_DiPortCount.htm
PCM\PCM-3730I\property\CFG_DoChannelCount.htm
PCM\PCM-3730I\property\CFG_DoPortCount.htm
PCM\PCM-3730I\property\CFG_Interrupt.htm
PCM\PCM-3730I\property\CFG_SlotNumber.htm
PCM\PCM-3730I\property\Deviceproperty.htm
PCM\PCM-3730I\structure\datastructure.htm
PCM\PCM-3753I\cover.htm
PCM\PCM-3753I\Eventtype\Eventtype.htm
PCM\PCM-3753I\features\keyfeature.htm
PCM\PCM-3753I\Function\funcdesc.htm
PCM\PCM-3753I\property\CFG_BaseAddress.htm
PCM\PCM-3753I\property\CFG_BoardID.htm
PCM\PCM-3753I\property\CFG_BusNumber.htm
PCM\PCM-3753I\property\CFG_DiChannelCount.htm
PCM\PCM-3753I\property\CFG_DiInterruptTriggerOnFallingEdge.htm
PCM\PCM-3753I\property\CFG_DiInterruptTriggerOnRisingEdge.htm
PCM\PCM-3753I\property\CFG_DioChannelDirection.htm
PCM\PCM-3753I\property\CFG_DiPatternMatchEnabledChannel.htm
PCM\PCM-3753I\property\CFG_DiPatternMatchValue.htm
PCM\PCM-3753I\property\CFG_DiPortCount.htm
PCM\PCM-3753I\property\CFG_DiStatusChangeEnableChannel.htm
PCM\PCM-3753I\property\CFG_DoChannelCount.htm
PCM\PCM-3753I\property\CFG_DoPortCount.htm
PCM\PCM-3753I\property\CFG_Interrupt.htm
PCM\PCM-3753I\property\CFG_InterruptTriggerSource.htm
PCM\PCM-3753I\property\CFG_SlotNumber.htm
PCM\PCM-3753I\property\Deviceproperty.htm
PCM\PCM-3753I\structure\datastructure.htm
PCM\PCM-3761I\cover.htm
PCM\PCM-3761I\Eventtype\Eventtype.htm
PCM\PCM-3761I\features\keyfeature.htm
PCM\PCM-3761I\Function\funcdesc.htm
PCM\PCM-3761I\property\CFG_BaseAddress.htm
PCM\PCM-3761I\property\CFG_BoardID.htm
PCM\PCM-3761I\property\CFG_BusNumber.htm
PCM\PCM-3761I\property\CFG_DiChannelCount.htm
PCM\PCM-3761I\property\CFG_DiInterruptTriggerOnFallingEdge.htm
PCM\PCM-3761I\property\CFG_DiInterruptTriggerOnRisingEdge.htm
PCM\PCM-3761I\property\CFG_DiPortCount.htm
PCM\PCM-3761I\property\CFG_DoChannelCount.htm
PCM\PCM-3761I\property\CFG_DoPortCount.htm
PCM\PCM-3761I\property\CFG_Interrupt.htm
PCM\PCM-3761I\property\CFG_SlotNumber.htm
PCM\PCM-3761I\property\Deviceproperty.htm
PCM\PCM-3761I\structure\datastructure.htm
structure\Ai\PT_AIBinaryIn.htm
structure\Ai\PT_AIConfig.htm
structure\Ai\PT_AIGetConfig.htm
structure\Ai\PT_AIScale.htm
structure\Ai\PT_AIVoltageIn.htm
structure\Ai\PT_MAIBinaryIn.htm
structure\Ai\PT_MAIConfig.htm
structure\Ai\PT_MAIVoltageIn.htm
structure\AO\AORANGESET.htm
structure\AO\AOSET.htm
structure\AO\PT_AOBinaryOut.htm
structure\AO\PT_AOConfig.htm
structure\AO\PT_AOCurrentOut.htm
structure\AO\PT_AOScale.htm
structure\AO\PT_AOVoltageOut.htm
structure\commonhighspeed\PT_CheckEvent.htm
structure\commonhighspeed\PT_EnableEvent.htm
structure\counter\PT_CounterConfig.htm
structure\counter\PT_CounterEventRead.htm
structure\counter\PT_CounterEventStart.htm
structure\counter\PT_CounterFreqRead.htm
structure\counter\PT_CounterFreqStart.htm
structure\counter\PT_CounterPulseStart.htm
structure\counter\PT_CounterPWMSetting.htm
structure\counter\PT_DICounter.htm
structure\counter\PT_FreqOutStart.htm
structure\counter\PT_PWMStartRead.htm
structure\counter\PT_QCounterConfig.htm
structure\counter\PT_QCounterConfigSys.htm
structure\counter\PT_QCounterRead.htm
structure\counter\PT_QCounterStart.htm
structure\counter\PT_TimerCountSetting.htm
structure\datastructure.htm
structure\FAI\PT_FAICheck.htm
structure\FAI\PT_FAIDmaExStart.htm
structure\FAI\PT_FAIDmaScanStart.htm
structure\FAI\PT_FAIDmaStart.htm
structure\FAI\PT_FAIIntScanStart.htm
structure\FAI\PT_FAIIntStart.htm
structure\FAI\PT_FAITransfer.htm
structure\FAO\PT_FAOCheck.htm
structure\FAO\PT_FAODmaExStart.htm
structure\FAO\PT_FAOLoad.htm
structure\FAO\PT_FAOScale.htm
structure\fdio\PT_FDITransfer.htm
structure\PORTIO\PT_ReadPortByte.htm
structure\PORTIO\PT_ReadPortDword.htm
structure\PORTIO\PT_ReadPortWord.htm
structure\PORTIO\PT_WritePortByte.htm
structure\PORTIO\PT_WritePortDword.htm
structure\PORTIO\PT_WritePortWord.htm
structure\temperature\PT_TCMuxRead.htm
structure\watchdog\PT_WatchdogStart.htm
tutorial\programming.htm
tutorial\SimpleExample\addfiles.htm
tutorial\SimpleExample\emptyproject.htm
tutorial\SimpleExample\writingcodes.htm
USB\USB-4702\cover.htm
USB\USB-4702\Eventtype\Eventtype.htm
USB\USB-4702\features\keyfeature.htm
USB\USB-4702\Function\funcdesc.htm
USB\USB-4702\property\CFG_AiChanConfig.htm
USB\USB-4702\property\CFG_AiPacerRate.htm
USB\USB-4702\property\CFG_AoChanRange.htm
USB\USB-4702\property\CFG_AoRangeList.htm
USB\USB-4702\property\CFG_BoardID.htm
USB\USB-4702\property\CFG_CntrChannelCapability.htm
USB\USB-4702\property\CFG_CntrChannelCount.htm
USB\USB-4702\property\CFG_CntrInternalClockFreq.htm
USB\USB-4702\property\CFG_DiChannelCount.htm
USB\USB-4702\property\CFG_DiPortCount.htm
USB\USB-4702\property\CFG_DoChannelCount.htm
USB\USB-4702\property\CFG_DoPortCount.htm
USB\USB-4702\property\Deviceproperty.htm
USB\USB-4702\structure\DataStructure.htm
USB\USB-4704\cover.htm
USB\USB-4704\Eventtype\Eventtype.htm
USB\USB-4704\features\keyfeature.htm
USB\USB-4704\Function\funcdesc.htm
USB\USB-4704\property\CFG_AiChanConfig.htm
USB\USB-4704\property\CFG_AiPacerRate.htm
USB\USB-4704\property\CFG_AoChanRange.htm
USB\USB-4704\property\CFG_AoRangeList.htm
USB\USB-4704\property\CFG_BoardID.htm
USB\USB-4704\property\CFG_CntrChannelCapability.htm
USB\USB-4704\property\CFG_CntrChannelCount.htm
USB\USB-4704\property\CFG_CntrInternalClockFreq.htm
USB\USB-4704\property\CFG_DiChannelCount.htm
USB\USB-4704\property\CFG_DiPortCount.htm
USB\USB-4704\property\CFG_DoChannelCount.htm
USB\USB-4704\property\CFG_DoPortCount.htm
USB\USB-4704\property\Deviceproperty.htm
USB\USB-4704\structure\DataStructure.htm
USB\USB-4711\cover.htm
USB\USB-4711\Eventtype\Eventtype.htm
USB\USB-4711\features\keyfeature.htm
USB\USB-4711\Function\funcdesc.htm
USB\USB-4711\property\CFG_AiChanConfig.htm
USB\USB-4711\property\CFG_AiFifoSize.htm
USB\USB-4711\property\CFG_AiPacerRate.htm
USB\USB-4711\property\CFG_AoChanRange.htm
USB\USB-4711\property\CFG_AoRangeList.htm
USB\USB-4711\property\CFG_BoardID.htm
USB\USB-4711\property\CFG_CntrChannelCapability.htm
USB\USB-4711\property\CFG_CntrChannelCount.htm
USB\USB-4711\property\CFG_CntrInternalClockFreq.htm
USB\USB-4711\property\CFG_CntrResetValue.htm
USB\USB-4711\property\CFG_CntrResolution.htm
USB\USB-4711\property\CFG_CntrSupportedCountEdge.htm
USB\USB-4711\property\CFG_DiChannelCount.htm
USB\USB-4711\property\CFG_DiPortCount.htm
USB\USB-4711\property\CFG_DoChannelCount.htm
USB\USB-4711\property\CFG_DoPortCount.htm
USB\USB-4711\property\CFG_FirmWareVersion.htm
USB\USB-4711\property\Deviceproperty.htm
USB\USB-4711\structure\datastructure.htm
USB\USB-4716\cover.htm
USB\USB-4716\Eventtype\Eventtype.htm
USB\USB-4716\features\keyfeature.htm
USB\USB-4716\Function\funcdesc.htm
USB\USB-4716\property\CFG_AiChanConfig.htm
USB\USB-4716\property\CFG_AiFifoSize.htm
USB\USB-4716\property\CFG_AiPacerRate.htm
USB\USB-4716\property\CFG_AoChanRange.htm
USB\USB-4716\property\CFG_AoRangeList.htm
USB\USB-4716\property\CFG_BoardID.htm
USB\USB-4716\property\CFG_CntrChannelCapability.htm
USB\USB-4716\property\CFG_CntrChannelCount.htm
USB\USB-4716\property\CFG_CntrInternalClockFreq.htm
USB\USB-4716\property\CFG_CntrResetValue.htm
USB\USB-4716\property\CFG_CntrResolution.htm
USB\USB-4716\property\CFG_CntrSupportedCountEdge.htm
USB\USB-4716\property\CFG_DiChannelCount.htm
USB\USB-4716\property\CFG_DiPortCount.htm
USB\USB-4716\property\CFG_DoChannelCount.htm
USB\USB-4716\property\CFG_DoPortCount.htm
USB\USB-4716\property\CFG_FirmWareVersion.htm
USB\USB-4716\property\Deviceproperty.htm
USB\USB-4716\structure\DataStructure.htm
USB\USB-4718\cover.htm
USB\USB-4718\Eventtype\Eventtype.htm
USB\USB-4718\features\keyfeature.htm
USB\USB-4718\Function\funcdesc.htm
USB\USB-4718\property\CFG_BoardID.htm
USB\USB-4718\property\CFG_BurnTest.htm
USB\USB-4718\property\CFG_CURRENT_4TO20MA_EXCEPTIONSETTING.htm
USB\USB-4718\property\CFG_DiChannelCount.htm
USB\USB-4718\property\CFG_DiPortCount.htm
USB\USB-4718\property\CFG_DoChannelCount.htm
USB\USB-4718\property\CFG_DoPortCount.htm
USB\USB-4718\property\CFG_EEPROM_RWBYTE.htm
USB\USB-4718\property\CFG_FirmWareVersion.htm
USB\USB-4718\property\Deviceproperty.htm
USB\USB-4718\structure\DataStructure.htm
USB\USB-4750\cover.htm
USB\USB-4750\Eventtype\Eventtype.htm
USB\USB-4750\features\keyfeature.htm
USB\USB-4750\Function\funcdesc.htm
USB\USB-4750\property\CFG_BoardID.htm
USB\USB-4750\property\CFG_CntrChannelCapability.htm
USB\USB-4750\property\CFG_CntrChannelCount.htm
USB\USB-4750\property\CFG_CntrResetValue.htm
USB\USB-4750\property\CFG_CntrResolution.htm
USB\USB-4750\property\CFG_CntrSupportedCountEdge.htm
USB\USB-4750\property\CFG_DiChannelCount.htm
USB\USB-4750\property\CFG_DiInterruptSupportedChannel.htm
USB\USB-4750\property\CFG_DiInterruptTriggerOnFallingEdge.htm
USB\USB-4750\property\CFG_DiInterruptTriggerOnRisingEdge.htm
USB\USB-4750\property\CFG_DiPortCount.htm
USB\USB-4750\property\CFG_DoChannelCount.htm
USB\USB-4750\property\CFG_DoPortCount.htm
USB\USB-4750\property\CFG_DoPresetValue.htm
USB\USB-4750\property\CFG_FirmWareVersion.htm
USB\USB-4750\property\CFG_InterruptTriggerSource.htm
USB\USB-4750\property\Deviceproperty.htm
USB\USB-4750\structure\DataStructure.htm
USB\USB-4751\cover.htm
USB\USB-4751\Eventtype\Eventtype.htm
USB\USB-4751\features\keyfeature.htm
USB\USB-4751\Function\funcdesc.htm
USB\USB-4751\property\CFG_BoardID.htm
USB\USB-4751\property\CFG_CntrChannelCapability.htm
USB\USB-4751\property\CFG_CntrChannelCount.htm
USB\USB-4751\property\CFG_CntrInternalClockFreq.htm
USB\USB-4751\property\CFG_CntrResetValue.htm
USB\USB-4751\property\CFG_CntrResolution.htm
USB\USB-4751\property\CFG_CntrSupportedCountEdge.htm
USB\USB-4751\property\CFG_CntrSupportedGateMode.htm
USB\USB-4751\property\CFG_DiChannelCount.htm
USB\USB-4751\property\CFG_DiInterruptSupportedChannel.htm
USB\USB-4751\property\CFG_DiInterruptTriggerOnFallingEdge.htm
USB\USB-4751\property\CFG_DiInterruptTriggerOnRisingEdge.htm
USB\USB-4751\property\CFG_DioChannelDirection.htm
USB\USB-4751\property\CFG_DioPresetChanDir.htm
USB\USB-4751\property\CFG_DiPortCount.htm
USB\USB-4751\property\CFG_DoChannelCount.htm
USB\USB-4751\property\CFG_DoPortCount.htm
USB\USB-4751\property\CFG_DoPresetValue.htm
USB\USB-4751\property\CFG_FirmWareVersion.htm
USB\USB-4751\property\CFG_InterruptTriggerSource.htm
USB\USB-4751\property\Deviceproperty.htm
USB\USB-4751\structure\DataStructure.htm
USB\USB-4761\cover.htm
USB\USB-4761\Eventtype\Eventtype.htm
USB\USB-4761\features\keyfeature.htm
USB\USB-4761\Function\funcdesc.htm
USB\USB-4761\property\CFG_BoardID.htm
USB\USB-4761\property\CFG_DiChannelCount.htm
USB\USB-4761\property\CFG_DiInterruptTriggerOnFallingEdge.htm
USB\USB-4761\property\CFG_DiInterruptTriggerOnRisingEdge.htm
USB\USB-4761\property\CFG_DiPortCount.htm
USB\USB-4761\property\CFG_DoChannelCount.htm
USB\USB-4761\property\CFG_DoPortCount.htm
USB\USB-4761\property\CFG_DoPresetValue.htm
USB\USB-4761\property\CFG_FirmWareVersion.htm
USB\USB-4761\property\Deviceproperty.htm
USB\USB-4761\structure\DataStructure.htm
eHelp.xml
RoboHHRE.lng
Driver.glo
styles\style.css
examples\styles\style.css
MIC\MIC-3751\styles\style.css
PCI\PCI-1710\styles\style.css
PCI\PCI-1711\styles\style.css
PCI\PCI-1712\styles\style.css
PCI\PCI-1713\styles\style.css
PCI\PCI-1714\styles\style.css
PCI\PCI-1715\styles\style.css
PCI\PCI-1716\styles\style.css
PCI\PCI-1718\styles\style.css
PCI\PCI-1720\styles\style.css
PCI\PCI-1721\styles\style.css
PCI\PCI-1723\styles\style.css
PCI\PCI-1724\styles\style.css
PCI\PCI-1727U\styles\style.css
PCI\PCI-1730\styles\style.css
PCI\PCI-1733\styles\style.css
PCI\PCI-1734\styles\style.css
PCI\PCI-1735U\styles\style.css
PCI\PCI-1736\styles\style.css
PCI\PCI-1737U\styles\style.css
PCI\PCI-1739U\styles\style.css
PCI\PCI-1741U\styles\style.css
PCI\PCI-1742U\styles\style.css
PCI\PCI-1747\styles\style.css
PCI\PCI-1750\styles\style.css
PCI\PCI-1751\styles\style.css
PCI\PCI-1752\styles\style.css
PCI\PCI-1753\styles\style.css
PCI\PCI-1754\styles\style.css
PCI\PCI-1756\styles\style.css
PCI\PCI-1757UP\styles\style.css
PCI\PCI-1758U\styles\style.css
PCI\PCI-1760\styles\style.css
PCI\PCI-1761\styles\style.css
PCI\PCI-1762\styles\style.css
PCI\PCI-1763\styles\style.css
PCI\PCI-1780\styles\style.css
PCI\PCI-1784\styles\style.css
PCM\PCM-3718\styles\style.css
PCM\PCM-3724\styles\style.css
PCM\PCM-3725\styles\style.css
PCM\PCM-3730I\styles\style.css
PCM\PCM-3730\styles\style.css
PCM\PCM-3753I\styles\style.css
PCM\PCM-3761I\styles\style.css
USB\USB-4702\styles\style.css
USB\USB-4704\styles\style.css
USB\USB-4711\styles\style.css
USB\USB-4716\styles\style.css
USB\USB-4718\styles\style.css
USB\USB-4750\styles\style.css
USB\USB-4751\styles\style.css
USB\USB-4761\styles\style.css
USB\USB-4711\logo.jpg
PCI\PCI-1757UP\logo.jpg
PCI\PCI-1735U\logo.jpg
PCI\PCI-1734\logo.jpg
Introduction\about.gif
function\Buffer\Data_Buffer_over_flow.jpg
USB\USB-4718\logo.jpg
PCI\PCI-1753\logo.jpg
PCI\PCI-1727U\logo.jpg
PCI\PCI-1723\logo.jpg
PCI\PCI-1712\logo.jpg
flow\dio\image012.jpg
PCM\PCM-3725\logo.jpg
flow\ao\ao_flow.jpg
USB\USB-4704\logo.jpg
PCI\PCI-1761\logo.jpg
PCI\PCI-1750\logo.jpg
PCI\PCI-1720\logo.jpg
MIC\MIC-3751\features\InterruptSource.jpg
function\FAI\Data_Buffer_over_flow.jpg
flow\dio\image014.jpg
flow\dio\13.jpg
flow\counter\image018.jpg
flow\counter\countertimer.jpg
PCI\PCI-1780\logo.jpg
PCI\PCI-1751\features\InterruptSource.jpg
PCI\PCI-1742U\logo.jpg
PCI\PCI-1716\logo.jpg
flow\dio\image015.jpg
flow\counter\image019.jpg
flow\counter\pwmread.jpg
flow\counter\image16.jpg
PCM\PCM-3761I\logo.jpg
PCM\PCM-3730\logo.jpg
PCM\PCM-3718\logo.jpg
PCI\PCI-1757UP\features\devfeature.jpg
flow\dio\image016.jpg
flow\ai\image010.jpg
USB\USB-4761\logo.jpg
PCM\PCM-3753I\logo.jpg
PCI\PCI-1754\logo.jpg
PCI\PCI-1737U\logo.jpg
PCI\PCI-1724\logo.jpg
PCI\PCI-1713\logo.jpg
flow\event\image033.jpg
flow\dio\image017.jpg
flow\devicefunctions\image001.jpg
flow\ao\ao_flow2.jpg
flow\ai\image011.jpg
before\buy_online_image.jpg
USB\USB-4750\logo.jpg
PCI\PCI-1784\logo.jpg
flow\dio\image018.jpg
USB\USB-4716\logo.jpg
PCI\PCI-1762\logo.jpg
PCI\PCI-1751\logo.jpg
PCI\PCI-1750\features\InterruptSource.jpg
PCI\PCI-1721\logo.jpg
PCI\PCI-1710\logo.jpg
flow\dio\image019.jpg
flow\counter\freqout.jpg
flow\ai\image002.jpg
MIC\MIC-3751\logo.jpg
Introduction\instal2.gif
function\FAO\Output_Underrun.jpg
flow\port\portio.jpg
flow\ai\image003.jpg
USB\USB-4751\features\Interrupt\InterruptConfig.gif
USB\USB-4702\logo.jpg
structure\FAI\Image\PT_FAIDmaExStart1.gif
PCI\PCI-1758U\logo.jpg
PCI\PCI-1747\logo.jpg
PCI\PCI-1741U\logo.jpg
PCI\PCI-1736\logo.jpg
function\Buffer\Transfer_Data.jpg
flow\ao\image010.jpg
examples\BD21301_.gif
structure\FAI\Image\PT_FAIDmaExStart2.gif
structure\counter\Cnt_mode.jpg
PCI\PCI-1714\logo.jpg
function\Buffer\Data_Buffer_normal.jpg
flow\counter\image020.jpg
flow\ao\image011.jpg
USB\USB-4751\logo.jpg
PCI\PCI-1739U\logo.jpg
PCI\PCI-1733\logo.jpg
flow\counter\image021.jpg
PCM\PCM-3753I\features\InterruptSource.jpg
PCM\PCM-3730I\logo.jpg
PCI\PCI-1763\logo.jpg
PCI\PCI-1752\logo.jpg
PCI\PCI-1711\logo.jpg
flow\counter\counter1780.jpg
PCM\PCM-3724\logo.jpg
PCI\PCI-1753\features\InterruptSource.jpg
PCI\PCI-1730\logo.jpg
PCI\PCI-1718\logo.jpg
function\FAO\Analog_Output.jpg
function\FAI\Data_Buffer_normal.jpg
flow\ai\image008.jpg
PCI\PCI-1760\logo.jpg
function\FAI\Transfer_Data.jpg
flow\ai\image009.jpg
PCI\PCI-1756\logo.jpg
PCI\PCI-1715\logo.jpg
flow\temperature\image022.jpg
ehlpdhtm.js
styles\style_ns.css
examples\styles\style_ns.css
MIC\MIC-3751\styles\style_ns.css
PCI\PCI-1710\styles\style_ns.css
PCI\PCI-1711\styles\style_ns.css
PCI\PCI-1712\styles\style_ns.css
PCI\PCI-1713\styles\style_ns.css
PCI\PCI-1714\styles\style_ns.css
PCI\PCI-1715\styles\style_ns.css
PCI\PCI-1716\styles\style_ns.css
PCI\PCI-1718\styles\style_ns.css
PCI\PCI-1720\styles\style_ns.css
PCI\PCI-1721\styles\style_ns.css
PCI\PCI-1723\styles\style_ns.css
PCI\PCI-1724\styles\style_ns.css
PCI\PCI-1727U\styles\style_ns.css
PCI\PCI-1730\styles\style_ns.css
PCI\PCI-1733\styles\style_ns.css
PCI\PCI-1734\styles\style_ns.css
PCI\PCI-1735U\styles\style_ns.css
PCI\PCI-1736\styles\style_ns.css
PCI\PCI-1737U\styles\style_ns.css
PCI\PCI-1739U\styles\style_ns.css
PCI\PCI-1741U\styles\style_ns.css
PCI\PCI-1742U\styles\style_ns.css
PCI\PCI-1747\styles\style_ns.css
PCI\PCI-1750\styles\style_ns.css
PCI\PCI-1751\styles\style_ns.css
PCI\PCI-1752\styles\style_ns.css
PCI\PCI-1753\styles\style_ns.css
PCI\PCI-1754\styles\style_ns.css
PCI\PCI-1756\styles\style_ns.css
PCI\PCI-1757UP\styles\style_ns.css
PCI\PCI-1758U\styles\style_ns.css
PCI\PCI-1760\styles\style_ns.css
PCI\PCI-1761\styles\style_ns.css
PCI\PCI-1762\styles\style_ns.css
PCI\PCI-1763\styles\style_ns.css
PCI\PCI-1780\styles\style_ns.css
PCI\PCI-1784\styles\style_ns.css
PCM\PCM-3718\styles\style_ns.css
PCM\PCM-3724\styles\style_ns.css
PCM\PCM-3725\styles\style_ns.css
PCM\PCM-3730\styles\style_ns.css
PCM\PCM-3730I\styles\style_ns.css
PCM\PCM-3753I\styles\style_ns.css
PCM\PCM-3761I\styles\style_ns.css
USB\USB-4702\styles\style_ns.css
USB\USB-4704\styles\style_ns.css
USB\USB-4711\styles\style_ns.css
USB\USB-4716\styles\style_ns.css
USB\USB-4718\styles\style_ns.css
USB\USB-4750\styles\style_ns.css
USB\USB-4751\styles\style_ns.css
USB\USB-4761\styles\style_ns.css
whxdata\whtdata0.xml
whxdata\whtdata1.xml
whxdata\whtdata2.xml
whxdata\whtdata3.xml
whxdata\whtdata4.xml
whxdata\whtdata5.xml
whxdata\whtdata6.xml
whxdata\whtdata7.xml
whxdata\whtdata8.xml
whxdata\whtdata9.xml
whxdata\whtdata10.xml
whxdata\whtdata11.xml
whxdata\whtdata12.xml
whxdata\whtdata13.xml
whxdata\whtdata14.xml
whxdata\whtdata15.xml
whxdata\whtdata16.xml
whxdata\whtdata17.xml
whxdata\whtdata18.xml
whxdata\whtdata19.xml
whxdata\whtdata20.xml
whxdata\whtdata21.xml
whxdata\whtdata22.xml
whxdata\whtdata23.xml
whxdata\whtdata24.xml
whxdata\whtdata25.xml
whxdata\whtdata26.xml
whxdata\whtdata27.xml
whxdata\whtdata28.xml
whxdata\whtdata29.xml
whxdata\whtdata30.xml
whxdata\whtdata31.xml
whxdata\whtdata32.xml
whxdata\whtdata33.xml
whxdata\whtdata34.xml
whxdata\whtdata35.xml
whxdata\whtdata36.xml
whxdata\whtdata37.xml
whxdata\whtdata38.xml
whxdata\whtdata39.xml
whxdata\whtdata40.xml
whxdata\whtdata41.xml
whxdata\whtdata42.xml
whxdata\whtdata43.xml
whxdata\whtdata44.xml
whxdata\whtdata45.xml
whxdata\whtdata46.xml
whxdata\whtdata47.xml
whxdata\whtdata48.xml
whxdata\whtdata49.xml
whxdata\whtdata50.xml
whxdata\whtdata51.xml
whxdata\whtdata52.xml
whxdata\whidata0.xml
whxdata\whidata1.xml
whxdata\whidata2.xml
whxdata\whidata3.xml
whxdata\whidata4.xml
whxdata\whidata5.xml
whxdata\whidata6.xml
whxdata\whidata7.xml
whxdata\whidata8.xml
whxdata\whidata9.xml
whxdata\whidata10.xml
whxdata\whidata11.xml
whxdata\whftdata0.xml
whxdata\whftdata1.xml
whxdata\whftdata2.xml
whxdata\whftdata3.xml
whxdata\whftdata4.xml
whxdata\whftdata5.xml
whxdata\whftdata6.xml
whxdata\whftdata7.xml
whxdata\whftdata8.xml
whxdata\whftdata9.xml
whxdata\whftdata10.xml
whxdata\whfwdata0.xml
whxdata\whfwdata1.xml
whxdata\whfwdata2.xml
whxdata\whfwdata3.xml
whxdata\whfwdata4.xml
whxdata\whfwdata5.xml
whxdata\whfwdata6.xml
whxdata\whfwdata7.xml
whxdata\whfwdata8.xml
whxdata\whfwdata9.xml
whxdata\whfwdata10.xml
whxdata\whfwdata11.xml
whxdata\whfwdata12.xml
whxdata\whfwdata13.xml
whxdata\whfwdata14.xml
whxdata\whfwdata15.xml
whxdata\whfwdata16.xml
whxdata\whfwdata17.xml
whxdata\whfwdata18.xml
whxdata\whfwdata19.xml
whxdata\whfwdata20.xml
whxdata\whfwdata21.xml
whxdata\whfwdata22.xml
whxdata\whfwdata23.xml
whxdata\whfwdata24.xml
whxdata\whfwdata25.xml
whdata\whtdata0.htm
whdata\whtdata1.htm
whdata\whtdata2.htm
whdata\whtdata3.htm
whdata\whtdata4.htm
whdata\whtdata5.htm
whdata\whtdata6.htm
whdata\whtdata7.htm
whdata\whtdata8.htm
whdata\whtdata9.htm
whdata\whtdata10.htm
whdata\whtdata11.htm
whdata\whtdata12.htm
whdata\whtdata13.htm
whdata\whtdata14.htm
whdata\whtdata15.htm
whdata\whtdata16.htm
whdata\whtdata17.htm
whdata\whtdata18.htm
whdata\whtdata19.htm
whdata\whtdata20.htm
whdata\whtdata21.htm
whdata\whtdata22.htm
whdata\whtdata23.htm
whdata\whtdata24.htm
whdata\whtdata25.htm
whdata\whtdata26.htm
whdata\whtdata27.htm
whdata\whtdata28.htm
whdata\whtdata29.htm
whdata\whtdata30.htm
whdata\whtdata31.htm
whdata\whtdata32.htm
whdata\whtdata33.htm
whdata\whtdata34.htm
whdata\whtdata35.htm
whdata\whtdata36.htm
whdata\whtdata37.htm
whdata\whtdata38.htm
whdata\whtdata39.htm
whdata\whtdata40.htm
whdata\whtdata41.htm
whdata\whtdata42.htm
whdata\whtdata43.htm
whdata\whtdata44.htm
whdata\whtdata45.htm
whdata\whtdata46.htm
whdata\whtdata47.htm
whdata\whtdata48.htm
whdata\whtdata49.htm
whdata\whtdata50.htm
whdata\whtdata51.htm
whdata\whtdata52.htm
whdata\whidata0.htm
whdata\whidata1.htm
whdata\whidata2.htm
whdata\whidata3.htm
whdata\whidata4.htm
whdata\whidata5.htm
whdata\whidata6.htm
whdata\whidata7.htm
whdata\whidata8.htm
whdata\whidata9.htm
whdata\whidata10.htm
whdata\whidata11.htm
whdata\whftdata0.htm
whdata\whftdata1.htm
whdata\whftdata2.htm
whdata\whftdata3.htm
whdata\whftdata4.htm
whdata\whftdata5.htm
whdata\whftdata6.htm
whdata\whftdata7.htm
whdata\whftdata8.htm
whdata\whftdata9.htm
whdata\whftdata10.htm
whdata\whfwdata0.htm
whdata\whfwdata1.htm
whdata\whfwdata2.htm
whdata\whfwdata3.htm
whdata\whfwdata4.htm
whdata\whfwdata5.htm
whdata\whfwdata6.htm
whdata\whfwdata7.htm
whdata\whfwdata8.htm
whdata\whfwdata9.htm
whdata\whfwdata10.htm
whdata\whfwdata11.htm
whdata\whfwdata12.htm
whdata\whfwdata13.htm
whdata\whfwdata14.htm
whdata\whfwdata15.htm
whdata\whfwdata16.htm
whdata\whfwdata17.htm
whdata\whfwdata18.htm
whdata\whfwdata19.htm
whdata\whfwdata20.htm
whdata\whfwdata21.htm
whdata\whfwdata22.htm
whdata\whfwdata23.htm
whdata\whfwdata24.htm
whdata\whfwdata25.htm
whgdata\whlstt0.htm
whgdata\whlstt1.htm
whgdata\whlstt2.htm
whgdata\whlstt3.htm
whgdata\whlstt4.htm
whgdata\whlstt5.htm
whgdata\whlstt6.htm
whgdata\whlstt7.htm
whgdata\whlstt8.htm
whgdata\whlstt9.htm
whgdata\whlstt10.htm
whgdata\whlstt11.htm
whgdata\whlstt12.htm
whgdata\whlstt13.htm
whgdata\whlstt14.htm
whgdata\whlstt15.htm
whgdata\whlstt16.htm
whgdata\whlstt17.htm
whgdata\whlstt18.htm
whgdata\whlstt19.htm
whgdata\whlstt20.htm
whgdata\whlstt21.htm
whgdata\whlstt22.htm
whgdata\whlstt23.htm
whgdata\whlstt24.htm
whgdata\whlstt25.htm
whgdata\whlstt26.htm
whgdata\whlstt27.htm
whgdata\whlstt28.htm
whgdata\whlstt29.htm
whgdata\whlstt30.htm
whgdata\whlstt31.htm
whgdata\whlstt32.htm
whgdata\whlstt33.htm
whgdata\whlstt34.htm
whgdata\whlstt35.htm
whgdata\whlstt36.htm
whgdata\whlstt37.htm
whgdata\whlstt38.htm
whgdata\whlstt39.htm
whgdata\whlstt40.htm
whgdata\whlstt41.htm
whgdata\whlstt42.htm
whgdata\whlstt43.htm
whgdata\whlstt44.htm
whgdata\whlstt45.htm
whgdata\whlstt46.htm
whgdata\whlstt47.htm
whgdata\whlstt48.htm
whgdata\whlstt49.htm
whgdata\whlstt50.htm
whgdata\whlstt51.htm
whgdata\whlstt52.htm
whgdata\whlstt53.htm
whgdata\whlstt54.htm
whgdata\whlstt55.htm
whgdata\whlstt56.htm
whgdata\whlstt57.htm
whgdata\whlstt58.htm
whgdata\whlstt59.htm
whgdata\whlstt60.htm
whgdata\whlstt61.htm
whgdata\whlstt62.htm
whgdata\whlstt63.htm
whgdata\whlstt64.htm
whgdata\whlstt65.htm
whgdata\whlstt66.htm
whgdata\whlstt67.htm
whgdata\whlstt68.htm
whgdata\whlstt69.htm
whgdata\whlstt70.htm
whgdata\whlstt71.htm
whgdata\whlstt72.htm
whgdata\whlstt73.htm
whgdata\whlstt74.htm
whgdata\whlstt75.htm
whgdata\whlstt76.htm
whgdata\whlstt77.htm
whgdata\whlstt78.htm
whgdata\whlstt79.htm
whgdata\whlstt80.htm
whgdata\whlstt81.htm
whgdata\whlstt82.htm
whgdata\whlstt83.htm
whgdata\whlstt84.htm
whgdata\whlstt85.htm
whgdata\whlstt86.htm
whgdata\whlstt87.htm
whgdata\whlstt88.htm
whgdata\whlstt89.htm
whgdata\whlstt90.htm
whgdata\whlstt91.htm
whgdata\whlstt92.htm
whgdata\whlstt93.htm
whgdata\whlstt94.htm
whgdata\whlstt95.htm
whgdata\whlstt96.htm
whgdata\whlstt97.htm
whgdata\whlstt98.htm
whgdata\whlstt99.htm
whgdata\whlstt100.htm
whgdata\whlstt101.htm
whgdata\whlstt102.htm
whgdata\whlstt103.htm
whgdata\whlstt104.htm
whgdata\whlstt105.htm
whgdata\whlstt106.htm
whgdata\whlstt107.htm
whgdata\whlstt108.htm
whgdata\whlstt109.htm
whgdata\whlstt110.htm
whgdata\whlstt111.htm
whgdata\whlstt112.htm
whgdata\whlstt113.htm
whgdata\whlstt114.htm
whgdata\whlstt115.htm
whgdata\whlstt116.htm
whgdata\whlstt117.htm
whgdata\whlstt118.htm
whgdata\whlstt119.htm
whgdata\whlstt120.htm
whgdata\whlstt121.htm
whgdata\whlstt122.htm
whgdata\whlstt123.htm
whgdata\whlstt124.htm
whgdata\whlstt125.htm
whgdata\whlstt126.htm
whgdata\whlstt127.htm
whgdata\whlstt128.htm
whgdata\whlstt129.htm
whgdata\whlstt130.htm
whgdata\whlstt131.htm
whgdata\whlstt132.htm
whgdata\whlstt133.htm
whgdata\whlstt134.htm
whgdata\whlstt135.htm
whgdata\whlstt136.htm
whgdata\whlstt137.htm
whgdata\whlstt138.htm
whgdata\whlstt139.htm
whgdata\whlstt140.htm
whgdata\whlstt141.htm
whgdata\whlstt142.htm
whgdata\whlstt143.htm
whgdata\whlstt144.htm
whgdata\whlstt145.htm
whgdata\whlstt146.htm
whgdata\whlstt147.htm
whgdata\whlstt148.htm
whgdata\whlstt149.htm
whgdata\whlstt150.htm
whgdata\whlstt151.htm
whgdata\whlstt152.htm
whgdata\whlstt153.htm
whgdata\whlstt154.htm
whgdata\whlstt155.htm
whgdata\whlstt156.htm
whgdata\whlstt157.htm
whgdata\whlstt158.htm
whgdata\whlstt159.htm
whgdata\whlstt160.htm
whgdata\whlstt161.htm
whgdata\whlstt162.htm
whgdata\whlstt163.htm
whgdata\whlstt164.htm
whgdata\whlstt165.htm
whgdata\whlstt166.htm
whgdata\whlstt167.htm
whgdata\whlstt168.htm
whgdata\whlstt169.htm
whgdata\whlstt170.htm
whgdata\whlstt171.htm
whgdata\whlstt172.htm
whgdata\whlstt173.htm
whgdata\whlstt174.htm
whgdata\whlstt175.htm
whgdata\whlstt176.htm
whgdata\whlstt177.htm
whgdata\whlstt178.htm
whgdata\whlstt179.htm
whgdata\whlstt180.htm
whgdata\whlstt181.htm
whgdata\whlstt182.htm
whgdata\whlstt183.htm
whgdata\whlstt184.htm
whgdata\whlstt185.htm
whgdata\whlstt186.htm
whgdata\whlstt187.htm
whgdata\whlstt188.htm
whgdata\whlstt189.htm
whgdata\whlstt190.htm
whgdata\whlstt191.htm
whgdata\whlstt192.htm
whgdata\whlstt193.htm
whgdata\whlstt194.htm
whgdata\whlstt195.htm
whgdata\whlstt196.htm
whgdata\whlstt197.htm
whgdata\whlstt198.htm
whgdata\whlstt199.htm
whgdata\whlstt200.htm
whgdata\whlstt201.htm
whgdata\whlstt202.htm
whgdata\whlstt203.htm
whgdata\whlstt204.htm
whgdata\whlstt205.htm
whgdata\whlstt206.htm
whgdata\whlstt207.htm
whgdata\whlstt208.htm
whgdata\whlstt209.htm
whgdata\whlstt210.htm
whgdata\whlstt211.htm
whgdata\whlstt212.htm
whgdata\whlstt213.htm
whgdata\whlstt214.htm
whgdata\whlstt215.htm
whgdata\whlstt216.htm
whgdata\whlstt217.htm
whgdata\whlstt218.htm
whgdata\whlstt219.htm
whgdata\whlstt220.htm
whgdata\whlstt221.htm
whgdata\whlstt222.htm
whgdata\whlstt223.htm
whgdata\whlstt224.htm
whgdata\whlstt225.htm
whgdata\whlstt226.htm
whgdata\whlstt227.htm
whgdata\whlstt228.htm
whgdata\whlstt229.htm
whgdata\whlstt230.htm
whgdata\whlstt231.htm
whgdata\whlstt232.htm
whgdata\whlstt233.htm
whgdata\whlstt234.htm
whgdata\whlstt235.htm
whgdata\whlstt236.htm
whgdata\whlstt237.htm
whgdata\whlstt238.htm
whgdata\whlstt239.htm
whgdata\whlstt240.htm
whgdata\whlstt241.htm
whgdata\whlstt242.htm
whgdata\whlstt243.htm
whgdata\whlstt244.htm
whgdata\whlstt245.htm
whgdata\whlstt246.htm
whgdata\whlstt247.htm
whgdata\whlstt248.htm
whgdata\whlstt249.htm
whgdata\whlstt250.htm
whgdata\whlstt251.htm
whgdata\whlstt252.htm
whgdata\whlstt253.htm
whgdata\whlstt254.htm
whgdata\whlstt255.htm
whgdata\whlstt256.htm
whgdata\whlstt257.htm
whgdata\whlstt258.htm
whgdata\whlstt259.htm
whgdata\whlstt260.htm
whgdata\whlstt261.htm
whgdata\whlstt262.htm
whgdata\whlstt263.htm
whgdata\whlstt264.htm
whgdata\whlstt265.htm
whgdata\whlstt266.htm
whgdata\whlstt267.htm
whgdata\whlstt268.htm
whgdata\whlstt269.htm
whgdata\whlstt270.htm
whgdata\whlstt271.htm
whgdata\whlstt272.htm
whgdata\whlstt273.htm
whgdata\whlstt274.htm
whgdata\whlstt275.htm
whgdata\whlstt276.htm
whgdata\whlstt277.htm
whgdata\whlstt278.htm
whgdata\whlstt279.htm
whgdata\whlstt280.htm
whgdata\whlstt281.htm
whgdata\whlstt282.htm
whgdata\whlstt283.htm
whgdata\whlstt284.htm
whgdata\whlstt285.htm
whgdata\whlstt286.htm
whgdata\whlstt287.htm
whgdata\whlstt288.htm
whgdata\whlstt289.htm
whgdata\whlstt290.htm
whgdata\whlstt291.htm
whgdata\whlstt292.htm
whgdata\whlstt293.htm
whgdata\whlstt294.htm
whgdata\whlstt295.htm
whgdata\whlstt296.htm
whgdata\whlstt297.htm
whgdata\whlstt298.htm
whgdata\whlstt299.htm
whgdata\whlstt300.htm
whgdata\whlstt301.htm
whgdata\whlstt302.htm
whgdata\whlstt303.htm
whgdata\whlstt304.htm
whgdata\whlstt305.htm
whgdata\whlstt306.htm
whgdata\whlstt307.htm
whgdata\whlstt308.htm
whgdata\whlstt309.htm
whgdata\whlstt310.htm
whgdata\whlstt311.htm
whgdata\whlstt312.htm
whgdata\whlstt313.htm
whgdata\whlstt314.htm
whgdata\whlstt315.htm
whgdata\whlstt316.htm
whgdata\whlstt317.htm
whgdata\whlstt318.htm
whgdata\whlstt319.htm
whgdata\whlstt320.htm
whgdata\whlstt321.htm
whgdata\whlstt322.htm
whgdata\whlstt323.htm
whgdata\whlstt324.htm
whgdata\whlstt325.htm
whgdata\whlstt326.htm
whgdata\whlstt327.htm
whgdata\whlstt328.htm
whgdata\whlstt329.htm
whgdata\whlstt330.htm
whgdata\whlstt331.htm
whgdata\whlstt332.htm
whgdata\whlstt333.htm
whgdata\whlstt334.htm
whgdata\whlstt335.htm
whgdata\whlstt336.htm
whgdata\whlstt337.htm
whgdata\whlstt338.htm
whgdata\whlstt339.htm
whgdata\whlstt340.htm
whgdata\whlstt341.htm
whgdata\whlstt342.htm
whgdata\whlstt343.htm
whgdata\whlstt344.htm
whgdata\whlstt345.htm
whgdata\whlstt346.htm
whgdata\whlstt347.htm
whgdata\whlstt348.htm
whgdata\whlstt349.htm
whgdata\whlstt350.htm
whgdata\whlstt351.htm
whgdata\whlstt352.htm
whgdata\whlstt353.htm
whgdata\whlstt354.htm
whgdata\whlstt355.htm
whgdata\whlstt356.htm
whgdata\whlstt357.htm
whgdata\whlstt358.htm
whgdata\whlstt359.htm
whgdata\whlstt360.htm
whgdata\whlstt361.htm
whgdata\whlstt362.htm
whgdata\whlstt363.htm
whgdata\whlstt364.htm
whgdata\whlstt365.htm
whgdata\whlstt366.htm
whgdata\whlstt367.htm
whgdata\whlstt368.htm
whgdata\whlstt369.htm
whgdata\whlstt370.htm
whgdata\whlstt371.htm
whgdata\whlstt372.htm
whgdata\whlstt373.htm
whgdata\whlstt374.htm
whgdata\whlstt375.htm
whgdata\whlstt376.htm
whgdata\whlstt377.htm
whgdata\whlstt378.htm
whgdata\whlstt379.htm
whgdata\whlstt380.htm
whgdata\whlstt381.htm
whgdata\whlstt382.htm
whgdata\whlstt383.htm
whgdata\whlstt384.htm
whgdata\whlstt385.htm
whgdata\whlstt386.htm
whgdata\whlstt387.htm
whgdata\whlstt388.htm
whgdata\whlstt389.htm
whgdata\whlstt390.htm
whgdata\whlstt391.htm
whgdata\whlstt392.htm
whgdata\whlstt393.htm
whgdata\whlstt394.htm
whgdata\whlstt395.htm
whgdata\whlstt396.htm
whgdata\whlstt397.htm
whgdata\whlstt398.htm
whgdata\whlstt399.htm
whgdata\whlstt400.htm
whgdata\whlstt401.htm
whgdata\whlstt402.htm
whgdata\whlstt403.htm
whgdata\whlstt404.htm
whgdata\whlstt405.htm
whgdata\whlstt406.htm
whgdata\whlstt407.htm
whgdata\whlstt408.htm
whgdata\whlstt409.htm
whgdata\whlstt410.htm
whgdata\whlstt411.htm
whgdata\whlstt412.htm
whgdata\whlstt413.htm
whgdata\whlstt414.htm
whgdata\whlstt415.htm
whgdata\whlstt416.htm
whgdata\whlstt417.htm
whgdata\whlstt418.htm
whgdata\whlstt419.htm
whgdata\whlstt420.htm
whgdata\whlstt421.htm
whgdata\whlstt422.htm
whgdata\whlstt423.htm
whgdata\whlstt424.htm
whgdata\whlstt425.htm
whgdata\whlstt426.htm
whgdata\whlstt427.htm
whgdata\whlstt428.htm
whgdata\whlstt429.htm
whgdata\whlstt430.htm
whgdata\whlstt431.htm
whgdata\whlstt432.htm
whgdata\whlstt433.htm
whgdata\whlstt434.htm
whgdata\whlstt435.htm
whgdata\whlstt436.htm
whgdata\whlstt437.htm
whgdata\whlstt438.htm
whgdata\whlstt439.htm
whgdata\whlstt440.htm
whgdata\whlstt441.htm
whgdata\whlstt442.htm
whgdata\whlstt443.htm
whgdata\whlstt444.htm
whgdata\whlstt445.htm
whgdata\whlstt446.htm
whgdata\whlstt447.htm
whgdata\whlstt448.htm
whgdata\whlstt449.htm
whgdata\whlstt450.htm
whgdata\whlstt451.htm
whgdata\whlstt452.htm
whgdata\whlstt453.htm
whgdata\whlstt454.htm
whgdata\whlstt455.htm
whgdata\whlstt456.htm
whgdata\whlstt457.htm
whgdata\whlstt458.htm
whgdata\whlstt459.htm
whgdata\whlstt460.htm
whgdata\whlstt461.htm
whgdata\whlstt462.htm
whgdata\whlstt463.htm
whgdata\whlstt464.htm
whgdata\whlstt465.htm
whgdata\whlstt466.htm
whgdata\whlstt467.htm
whgdata\whlstt468.htm
whgdata\whlstt469.htm
whgdata\whlstt470.htm
whgdata\whlstt471.htm
whgdata\whlstt472.htm
whgdata\whlstt473.htm
whgdata\whlstt474.htm
whgdata\whlstt475.htm
whgdata\whlstt476.htm
whgdata\whlstt477.htm
whgdata\whlstt478.htm
whgdata\whlstt479.htm
whgdata\whlstt480.htm
whgdata\whlstt481.htm
whgdata\whlstt482.htm
whgdata\whlstt483.htm
whgdata\whlstt484.htm
whgdata\whlstt485.htm
whgdata\whlstt486.htm
whgdata\whlstt487.htm
whgdata\whlstt488.htm
whgdata\whlstt489.htm
whgdata\whlstt490.htm
whgdata\whlstt491.htm
whgdata\whlstt492.htm
whgdata\whlstt493.htm
whgdata\whlstt494.htm
whgdata\whlstt495.htm
whgdata\whlstt496.htm
whgdata\whlstt497.htm
whgdata\whlstt498.htm
whgdata\whlstt499.htm
whgdata\whlstt500.htm
whgdata\whlstt501.htm
whgdata\whlstt502.htm
whgdata\whlstt503.htm
whgdata\whlstt504.htm
whgdata\whlstt505.htm
whgdata\whlstt506.htm
whgdata\whlstt507.htm
whgdata\whlstt508.htm
whgdata\whlstt509.htm
whgdata\whlstt510.htm
whgdata\whlstt511.htm
whgdata\whlstt512.htm
whgdata\whlstt513.htm
whgdata\whlstt514.htm
whgdata\whlstt515.htm
whgdata\whlstt516.htm
whgdata\whlstt517.htm
whgdata\whlstt518.htm
whgdata\whlstt519.htm
whgdata\whlstt520.htm
whgdata\whlstt521.htm
whgdata\whlstt522.htm
whgdata\whlstt523.htm
whgdata\whlstt524.htm
whgdata\whlstt525.htm
whgdata\whlstt526.htm
whgdata\whlstt527.htm
whgdata\whlstt528.htm
whgdata\whlstt529.htm
whgdata\whlstt530.htm
whgdata\whlstt531.htm
whgdata\whlstt532.htm
whgdata\whlstt533.htm
whgdata\whlstt534.htm
whgdata\whlstt535.htm
whgdata\whlstt536.htm
whgdata\whlstt537.htm
whgdata\whlstt538.htm
whgdata\whlstt539.htm
whgdata\whlstt540.htm
whgdata\whlstt541.htm
whgdata\whlstt542.htm
whgdata\whlstt543.htm
whgdata\whlstt544.htm
whgdata\whlstt545.htm
whgdata\whlstt546.htm
whgdata\whlstt547.htm
whgdata\whlstt548.htm
whgdata\whlstt549.htm
whgdata\whlstt550.htm
whgdata\whlstt551.htm
whgdata\whlstt552.htm
whgdata\whlstt553.htm
whgdata\whlstt554.htm
whgdata\whlstt555.htm
whgdata\whlstt556.htm
whgdata\whlstt557.htm
whgdata\whlstt558.htm
whgdata\whlstt559.htm
whgdata\whlstt560.htm
whgdata\whlstt561.htm
whgdata\whlstt562.htm
whgdata\whlstt563.htm
whgdata\whlstt564.htm
whgdata\whlstt565.htm
whgdata\whlstt566.htm
whgdata\whlstt567.htm
whgdata\whlstt568.htm
whgdata\whlstt569.htm
whgdata\whlstt570.htm
whgdata\whlstt571.htm
whgdata\whlstt572.htm
whgdata\whlstt573.htm
whgdata\whlstt574.htm
whgdata\whlstt575.htm
whgdata\whlstt576.htm
whgdata\whlstt577.htm
whgdata\whlstt578.htm
whgdata\whlstt579.htm
whgdata\whlstt580.htm
whgdata\whlstt581.htm
whgdata\whlstt582.htm
whgdata\whlstt583.htm
whgdata\whlstt584.htm
whgdata\whlstt585.htm
whgdata\whlstt586.htm
whgdata\whlstt587.htm
whgdata\whlstt588.htm
whgdata\whlstt589.htm
whgdata\whlstt590.htm
whgdata\whlstt591.htm
whgdata\whlstt592.htm
whgdata\whlstt593.htm
whgdata\whlstt594.htm
whgdata\whlstt595.htm
whgdata\whlstt596.htm
whgdata\whlstt597.htm
whgdata\whlstt598.htm
whgdata\whlstt599.htm
whgdata\whlstt600.htm
whgdata\whlstt601.htm
whgdata\whlstt602.htm
whgdata\whlstt603.htm
whgdata\whlstt604.htm
whgdata\whlstt605.htm
whgdata\whlstt606.htm
whgdata\whlstt607.htm
whgdata\whlstt608.htm
whgdata\whlstt609.htm
whgdata\whlstt610.htm
whgdata\whlstt611.htm
whgdata\whlstt612.htm
whgdata\whlstt613.htm
whgdata\whlstt614.htm
whgdata\whlstt615.htm
whgdata\whlstt616.htm
whgdata\whlstt617.htm
whgdata\whlstt618.htm
whgdata\whlstt619.htm
whgdata\whlstt620.htm
whgdata\whlstt621.htm
whgdata\whlstt622.htm
whgdata\whlstt623.htm
whgdata\whlstt624.htm
whgdata\whlstt625.htm
whgdata\whlstt626.htm
whgdata\whlstt627.htm
whgdata\whlstt628.htm
whgdata\whlstt629.htm
whgdata\whlstt630.htm
whgdata\whlstt631.htm
whgdata\whlstt632.htm
whgdata\whlstt633.htm
whgdata\whlstt634.htm
whgdata\whlstt635.htm
whgdata\whlstt636.htm
whgdata\whlstt637.htm
whgdata\whlstt638.htm
whgdata\whlstt639.htm
whgdata\whlstt640.htm
whgdata\whlstt641.htm
whgdata\whlstt642.htm
whgdata\whlstt643.htm
whgdata\whlstt644.htm
whgdata\whlstt645.htm
whgdata\whlstt646.htm
whgdata\whlstt647.htm
whgdata\whlstt648.htm
whgdata\whlstt649.htm
whgdata\whlstt650.htm
whgdata\whlstt651.htm
whgdata\whlstt652.htm
whgdata\whlstt653.htm
whgdata\whlstt654.htm
whgdata\whlstt655.htm
whgdata\whlstt656.htm
whgdata\whlstt657.htm
whgdata\whlstt658.htm
whgdata\whlstt659.htm
whgdata\whlstt660.htm
whgdata\whlstt661.htm
whgdata\whlstt662.htm
whgdata\whlstt663.htm
whgdata\whlstt664.htm
whgdata\whlstt665.htm
whgdata\whlstt666.htm
whgdata\whlstt667.htm
whgdata\whlstt668.htm
whgdata\whlstt669.htm
whgdata\whlstt670.htm
whgdata\whlstt671.htm
whgdata\whlstt672.htm
whgdata\whlstt673.htm
whgdata\whlstt674.htm
whgdata\whlstt675.htm
whgdata\whlstt676.htm
whgdata\whlstt677.htm
whgdata\whlstt678.htm
whgdata\whlstt679.htm
whgdata\whlstt680.htm
whgdata\whlstt681.htm
whgdata\whlstt682.htm
whgdata\whlstt683.htm
whgdata\whlstt684.htm
whgdata\whlstt685.htm
whgdata\whlstt686.htm
whgdata\whlstt687.htm
whgdata\whlstt688.htm
whgdata\whlstt689.htm
whgdata\whlstt690.htm
whgdata\whlstt691.htm
whgdata\whlstt692.htm
whgdata\whlstt693.htm
whgdata\whlstt694.htm
whgdata\whlstt695.htm
whgdata\whlstt696.htm
whgdata\whlstt697.htm
whgdata\whlstt698.htm
whgdata\whlstt699.htm
whgdata\whlstt700.htm
whgdata\whlstt701.htm
whgdata\whlstt702.htm
whgdata\whlstt703.htm
whgdata\whlstt704.htm
whgdata\whlstt705.htm
whgdata\whlstt706.htm
whgdata\whlstt707.htm
whgdata\whlstt708.htm
whgdata\whlstt709.htm
whgdata\whlstt710.htm
whgdata\whlstt711.htm
whgdata\whlstt712.htm
whgdata\whlstt713.htm
whgdata\whlstt714.htm
whgdata\whlstt715.htm
whgdata\whlstt716.htm
whgdata\whlstt717.htm
whgdata\whlstt718.htm
whgdata\whlstt719.htm
whgdata\whlstt720.htm
whgdata\whlstt721.htm
whgdata\whlstt722.htm
whgdata\whlstt723.htm
whgdata\whlstt724.htm
whgdata\whlstt725.htm
whgdata\whlstt726.htm
whgdata\whlstt727.htm
whgdata\whlstt728.htm
whgdata\whlstt729.htm
whgdata\whlstt730.htm
whgdata\whlstt731.htm
whgdata\whlstt732.htm
whgdata\whlstt733.htm
whgdata\whlstt734.htm
whgdata\whlstt735.htm
whgdata\whlstt736.htm
whgdata\whlstt737.htm
whgdata\whlstt738.htm
whgdata\whlstt739.htm
whgdata\whlstt740.htm
whgdata\whlstt741.htm
whgdata\whlstt742.htm
whgdata\whlstt743.htm
whgdata\whlstt744.htm
whgdata\whlstt745.htm
whgdata\whlstt746.htm
whgdata\whlstt747.htm
whgdata\whlstt748.htm
whgdata\whlstt749.htm
whgdata\whlstt750.htm
whgdata\whlstt751.htm
whgdata\whlstt752.htm
whgdata\whlstt753.htm
whgdata\whlstt754.htm
whgdata\whlstt755.htm
whgdata\whlstt756.htm
whgdata\whlstt757.htm
whgdata\whlstt758.htm
whgdata\whlstt759.htm
whgdata\whlstt760.htm
whgdata\whlstt761.htm
whgdata\whlstt762.htm
whgdata\whlstt763.htm
whgdata\whlstt764.htm
whgdata\whlstt765.htm
whgdata\whlstt766.htm
whgdata\whlstt767.htm
whgdata\whlstt768.htm
whgdata\whlstt769.htm
whgdata\whlstt770.htm
whgdata\whlstt771.htm
whgdata\whlstt772.htm
whgdata\whlstt773.htm
whgdata\whlstt774.htm
whgdata\whlstt775.htm
whgdata\whlstt776.htm
whgdata\whlstt777.htm
whgdata\whlstt778.htm
whgdata\whlstt779.htm
whgdata\whlstt780.htm
whgdata\whlstt781.htm
whgdata\whlstt782.htm
whgdata\whlstt783.htm
whgdata\whlstt784.htm
whgdata\whlstt785.htm
whgdata\whlstt786.htm
whgdata\whlstt787.htm
whgdata\whlstt788.htm
whgdata\whlstt789.htm
whgdata\whlstt790.htm
whgdata\whlstt791.htm
whgdata\whlstt792.htm
whgdata\whlstt793.htm
whgdata\whlstt794.htm
whgdata\whlstt795.htm
whgdata\whlstt796.htm
whgdata\whlstt797.htm
whgdata\whlstt798.htm
whgdata\whlstt799.htm
whgdata\whlstt800.htm
whgdata\whlstt801.htm
whgdata\whlstt802.htm
whgdata\whlstt803.htm
whgdata\whlstt804.htm
whgdata\whlstt805.htm
whgdata\whlstt806.htm
whgdata\whlstt807.htm
whgdata\whlstt808.htm
whgdata\whlstt809.htm
whgdata\whlstt810.htm
whgdata\whlstt811.htm
whgdata\whlstt812.htm
whgdata\whlstt813.htm
whgdata\whlstt814.htm
whgdata\whlstt815.htm
whgdata\whlstt816.htm
whgdata\whlstt817.htm
whgdata\whlstt818.htm
whgdata\whlstt819.htm
whgdata\whlstt820.htm
whgdata\whlstt821.htm
whgdata\whlstt822.htm
whgdata\whlstt823.htm
whgdata\whlstt824.htm
whgdata\whlstt825.htm
whgdata\whlstt826.htm
whgdata\whlstt827.htm
whgdata\whlstt828.htm
whgdata\whlstt829.htm
whgdata\whlstt830.htm
whgdata\whlstt831.htm
whgdata\whlstt832.htm
whgdata\whlstt833.htm
whgdata\whlstt834.htm
whgdata\whlstt835.htm
whgdata\whlstt836.htm
whgdata\whlstt837.htm
whgdata\whlstt838.htm
whgdata\whlstt839.htm
whgdata\whlstt840.htm
whgdata\whlstt841.htm
whgdata\whlstt842.htm
whgdata\whlstt843.htm
whgdata\whlstt844.htm
whgdata\whlstt845.htm
whgdata\whlstt846.htm
whgdata\whlstt847.htm
whgdata\whlstt848.htm
whgdata\whlstt849.htm
whgdata\whlstt850.htm
whgdata\whlstt851.htm
whgdata\whlstt852.htm
whgdata\whlstt853.htm
whgdata\whlstt854.htm
whgdata\whlstt855.htm
whgdata\whlstt856.htm
whgdata\whlstt857.htm
whgdata\whlstt858.htm
whgdata\whlstt859.htm
whgdata\whlstt860.htm
whgdata\whlstt861.htm
whgdata\whlstt862.htm
whgdata\whlstt863.htm
whgdata\whlstt864.htm
whgdata\whlstt865.htm
whgdata\whlstt866.htm
whgdata\whlstt867.htm
whgdata\whlstt868.htm
whgdata\whlstt869.htm
whgdata\whlstt870.htm
whgdata\whlstt871.htm
whgdata\whlstt872.htm
whgdata\whlstt873.htm
whgdata\whlstt874.htm
whgdata\whlstt875.htm
whgdata\whlstt876.htm
whgdata\whlstt877.htm
whgdata\whlstt878.htm
whgdata\whlstt879.htm
whgdata\whlstt880.htm
whgdata\whlstt881.htm
whgdata\whlstt882.htm
whgdata\whlstt883.htm
whgdata\whlstt884.htm
whgdata\whlstt885.htm
whgdata\whlstt886.htm
whgdata\whlstt887.htm
whgdata\whlstt888.htm
whgdata\whlstt889.htm
whgdata\whlstt890.htm
whgdata\whlstt891.htm
whgdata\whlstt892.htm
whgdata\whlstt893.htm
whgdata\whlstt894.htm
whgdata\whlstt895.htm
whgdata\whlstt896.htm
whgdata\whlstt897.htm
whgdata\whlstt898.htm
whgdata\whlstt899.htm
whgdata\whlstt900.htm
whgdata\whlstt901.htm
whgdata\whlstt902.htm
whgdata\whlstt903.htm
whgdata\whlstt904.htm
whgdata\whlstt905.htm
whgdata\whlstt906.htm
whgdata\whlstt907.htm
whgdata\whlstt908.htm
whgdata\whlstt909.htm
whgdata\whlstt910.htm
whgdata\whlstt911.htm
whgdata\whlstt912.htm
whgdata\whlstt913.htm
whgdata\whlstt914.htm
whgdata\whlstt915.htm
whgdata\whlstt916.htm
whgdata\whlstt917.htm
whgdata\whlstt918.htm
whgdata\whlstt919.htm
whgdata\whlstt920.htm
whgdata\whlstt921.htm
whgdata\whlstt922.htm
whgdata\whlstt923.htm
whgdata\whlstt924.htm
whgdata\whlstt925.htm
whgdata\whlstt926.htm
whgdata\whlstt927.htm
whgdata\whlstt928.htm
whgdata\whlstt929.htm
whgdata\whlstt930.htm
whgdata\whlstt931.htm
whgdata\whlstt932.htm
whgdata\whlstt933.htm
whgdata\whlstt934.htm
whgdata\whlstt935.htm
whgdata\whlstt936.htm
whgdata\whlstt937.htm
whgdata\whlstt938.htm
whgdata\whlstt939.htm
whgdata\whlstt940.htm
whgdata\whlstt941.htm
whgdata\whlstt942.htm
whgdata\whlstt943.htm
whgdata\whlstt944.htm
whgdata\whlstt945.htm
whgdata\whlstt946.htm
whgdata\whlstt947.htm
whgdata\whlstt948.htm
whgdata\whlstt949.htm
whgdata\whlstt950.htm
whgdata\whlstt951.htm
whgdata\whlstt952.htm
whgdata\whlstt953.htm
whgdata\whlstt954.htm
whgdata\whlstt955.htm
whgdata\whlstt956.htm
whgdata\whlstt957.htm
whgdata\whlstt958.htm
whgdata\whlstt959.htm
whgdata\whlstt960.htm
whgdata\whlstt961.htm
whgdata\whlstt962.htm
whgdata\whlstt963.htm
whgdata\whlstt964.htm
whgdata\whlstt965.htm
whgdata\whlstt966.htm
whgdata\whlstt967.htm
whgdata\whlstt968.htm
whgdata\whlstt969.htm
whgdata\whlstt970.htm
whgdata\whlstt971.htm
whgdata\whlstt972.htm
whgdata\whlstt973.htm
whgdata\whlstt974.htm
whgdata\whlstt975.htm
whgdata\whlstt976.htm
whgdata\whlstt977.htm
whgdata\whlstt978.htm
whgdata\whlstt979.htm
whgdata\whlstt980.htm
whgdata\whlstt981.htm
whgdata\whlstt982.htm
whgdata\whlstt983.htm
whgdata\whlstt984.htm
whgdata\whlstt985.htm
whgdata\whlstt986.htm
whgdata\whlstt987.htm
whgdata\whlstt988.htm
whgdata\whlstt989.htm
whgdata\whlstt990.htm
whgdata\whlstt991.htm
whgdata\whlstt992.htm
whgdata\whlstt993.htm
whgdata\whlstt994.htm
whgdata\whlstt995.htm
whgdata\whlstt996.htm
whgdata\whlstt997.htm
whgdata\whlstt998.htm
whgdata\whlstt999.htm
whgdata\whlstt1000.htm
whgdata\whlstt1001.htm
whgdata\whlstt1002.htm
whgdata\whlstt1003.htm
whgdata\whlstt1004.htm
whgdata\whlstt1005.htm
whgdata\whlstt1006.htm
whgdata\whlstt1007.htm
whgdata\whlstt1008.htm
whgdata\whlstt1009.htm
whgdata\whlstt1010.htm
whgdata\whlstt1011.htm
whgdata\whlstt1012.htm
whgdata\whlstt1013.htm
whgdata\whlstt1014.htm
whgdata\whlstt1015.htm
whgdata\whlstt1016.htm
whgdata\whlstt1017.htm
whgdata\whlstt1018.htm
whgdata\whlstt1019.htm
whgdata\whlstt1020.htm
whgdata\whlstt1021.htm
whgdata\whlstt1022.htm
whgdata\whlstt1023.htm
whgdata\whlstt1024.htm
whgdata\whlstt1025.htm
whgdata\whlstt1026.htm
whgdata\whlstt1027.htm
whgdata\whlstt1028.htm
whgdata\whlstt1029.htm
whgdata\whlstt1030.htm
whgdata\whlstt1031.htm
whgdata\whlstt1032.htm
whgdata\whlstt1033.htm
whgdata\whlstt1034.htm
whgdata\whlstt1035.htm
whgdata\whlstt1036.htm
whgdata\whlstt1037.htm
whgdata\whlstt1038.htm
whgdata\whlstt1039.htm
whgdata\whlstt1040.htm
whgdata\whlsti0.htm
whgdata\whlsti1.htm
whgdata\whlsti2.htm
whgdata\whlstfl0.htm
whgdata\whlstfl1.htm
whgdata\whlstfl2.htm
whgdata\whlstfl3.htm
whgdata\whlstfl4.htm
whgdata\whlstfl5.htm
whgdata\whlstfl6.htm
whgdata\whlstfl7.htm
whgdata\whlstfl8.htm
whgdata\whlstfl9.htm
whgdata\whlstfl10.htm
whgdata\whlstfl11.htm
whgdata\whlstfl12.htm
whgdata\whlstfl13.htm
whgdata\whlstfl14.htm
whgdata\whlstfl15.htm
whgdata\whlstfl16.htm
whgdata\whlstfl17.htm
whgdata\whlstfl18.htm
whgdata\whlstfl19.htm
whgdata\whlstfl20.htm
whgdata\whlstfl21.htm
whgdata\whlstfl22.htm
whgdata\whlstfl23.htm
whgdata\whlstfl24.htm
whgdata\whlstf0.htm
whgdata\whlstf1.htm
whgdata\whlstf2.htm
whgdata\whlstf3.htm
whgdata\whlstf4.htm
whgdata\whlstf5.htm
whgdata\whlstf6.htm
whgdata\whlstf7.htm
whgdata\whlstf8.htm
whgdata\whlstf9.htm
whgdata\whlstf10.htm
whgdata\whlstf11.htm
whgdata\whlstf12.htm
whgdata\whlstf13.htm
whgdata\whlstf14.htm
whgdata\whlstf15.htm
whgdata\whlstf16.htm
whgdata\whlstf17.htm
whgdata\whlstf18.htm
whgdata\whlstf19.htm
whgdata\whlstf20.htm
whgdata\whlstf21.htm
whgdata\whlstf22.htm
whgdata\whlstf23.htm
whgdata\whlstf24.htm
whgdata\whlstf25.htm
whgdata\whlstf26.htm
whgdata\whlstf27.htm
whgdata\whlstf28.htm
whgdata\whlstf29.htm
whgdata\whlstf30.htm
whgdata\whlstf31.htm
whgdata\whlstf32.htm
whgdata\whlstf33.htm
whgdata\whlstf34.htm
whgdata\whlstf35.htm
whgdata\whlstf36.htm
whgdata\whlstf37.htm
whgdata\whlstf38.htm
whgdata\whlstf39.htm
whgdata\whlstf40.htm
whgdata\whlstf41.htm
whgdata\whlstf42.htm
whgdata\whlstf43.htm
whgdata\whlstf44.htm
whgdata\whlstf45.htm
whgdata\whlstf46.htm
whgdata\whlstf47.htm
whgdata\whlstf48.htm
whgdata\whlstf49.htm
whgdata\whlstf50.htm
whgdata\whlstf51.htm
whgdata\whlstf52.htm
whgdata\whlstf53.htm
whgdata\whlstf54.htm
whgdata\whlstf55.htm
whgdata\whlstf56.htm
whgdata\whlstf57.htm
whgdata\whlstf58.htm
whgdata\whlstf59.htm
whgdata\whlstg0.htm
Driver.htm
Driver_csh.htm
Driver_rhc.htm
